{"/home/travis/build/arf/java-codegen-yeoman/generator-java/generators/app/index.js":{"path":"/home/travis/build/arf/java-codegen-yeoman/generator-java/generators/app/index.js","s":{"1":1,"2":1,"3":1,"4":1,"5":1,"6":1,"7":1,"8":1,"9":1,"10":1,"11":1,"12":1,"13":1,"14":1,"15":1,"16":1,"17":1,"18":1,"19":42,"20":42,"21":42,"22":504,"23":504,"24":42,"25":42,"26":42,"27":42,"28":42,"29":42,"30":42,"31":42,"32":42,"33":42,"34":42,"35":42,"36":5,"37":42,"38":42,"39":42,"40":42,"41":42,"42":42,"43":42,"44":42,"45":42,"46":42,"47":42,"48":15,"49":15,"50":15,"51":15,"52":15,"53":15,"54":120,"55":42,"56":42,"57":42,"58":42,"59":42,"60":42,"61":903,"62":903,"63":903,"64":171,"65":903,"66":171,"67":903,"68":42,"69":42,"70":42,"71":0,"72":0,"73":0,"74":42,"75":42,"76":42,"77":42,"78":0,"79":0,"80":42,"81":0,"82":0,"83":42,"84":0,"85":42,"86":42,"87":575,"88":575,"89":575,"90":575,"91":575,"92":575,"93":0,"94":42,"95":42,"96":42,"97":42},"b":{"1":[5,37],"2":[5,0],"3":[15,27],"4":[171,732],"5":[171,732],"6":[0,42],"7":[0,0],"8":[0,0],"9":[0,42],"10":[0,42],"11":[0,42],"12":[42,0]},"f":{"1":42,"2":42,"3":42,"4":42,"5":42,"6":42,"7":42,"8":42},"fnMap":{"1":{"name":"(anonymous_1)","line":40,"loc":{"start":{"line":40,"column":13},"end":{"line":40,"column":26}}},"2":{"name":"(anonymous_2)","line":52,"loc":{"start":{"line":52,"column":14},"end":{"line":52,"column":17}}},"3":{"name":"(anonymous_3)","line":76,"loc":{"start":{"line":76,"column":13},"end":{"line":76,"column":20}}},"4":{"name":"(anonymous_4)","line":86,"loc":{"start":{"line":86,"column":11},"end":{"line":86,"column":14}}},"5":{"name":"(anonymous_5)","line":100,"loc":{"start":{"line":100,"column":13},"end":{"line":100,"column":16}}},"6":{"name":"(anonymous_6)","line":121,"loc":{"start":{"line":121,"column":17},"end":{"line":121,"column":20}}},"7":{"name":"(anonymous_7)","line":133,"loc":{"start":{"line":133,"column":9},"end":{"line":133,"column":12}}},"8":{"name":"(anonymous_8)","line":165,"loc":{"start":{"line":165,"column":5},"end":{"line":165,"column":8}}}},"statementMap":{"1":{"start":{"line":17,"column":0},"end":{"line":17,"column":46}},"2":{"start":{"line":18,"column":0},"end":{"line":18,"column":31}},"3":{"start":{"line":19,"column":0},"end":{"line":19,"column":25}},"4":{"start":{"line":20,"column":0},"end":{"line":20,"column":33}},"5":{"start":{"line":22,"column":0},"end":{"line":22,"column":46}},"6":{"start":{"line":23,"column":0},"end":{"line":23,"column":44}},"7":{"start":{"line":25,"column":0},"end":{"line":25,"column":43}},"8":{"start":{"line":26,"column":0},"end":{"line":26,"column":29}},"9":{"start":{"line":27,"column":0},"end":{"line":27,"column":37}},"10":{"start":{"line":28,"column":0},"end":{"line":28,"column":31}},"11":{"start":{"line":29,"column":0},"end":{"line":29,"column":31}},"12":{"start":{"line":30,"column":0},"end":{"line":30,"column":26}},"13":{"start":{"line":31,"column":0},"end":{"line":31,"column":56}},"14":{"start":{"line":33,"column":0},"end":{"line":33,"column":23}},"15":{"start":{"line":34,"column":0},"end":{"line":34,"column":26}},"16":{"start":{"line":35,"column":0},"end":{"line":35,"column":18}},"17":{"start":{"line":36,"column":0},"end":{"line":36,"column":71}},"18":{"start":{"line":38,"column":0},"end":{"line":173,"column":2}},"19":{"start":{"line":41,"column":4},"end":{"line":41,"column":22}},"20":{"start":{"line":44,"column":4},"end":{"line":44,"column":39}},"21":{"start":{"line":45,"column":4},"end":{"line":48,"column":5}},"22":{"start":{"line":46,"column":6},"end":{"line":46,"column":42}},"23":{"start":{"line":47,"column":6},"end":{"line":47,"column":66}},"24":{"start":{"line":49,"column":4},"end":{"line":49,"column":47}},"25":{"start":{"line":53,"column":4},"end":{"line":53,"column":34}},"26":{"start":{"line":54,"column":4},"end":{"line":54,"column":38}},"27":{"start":{"line":55,"column":4},"end":{"line":55,"column":44}},"28":{"start":{"line":56,"column":4},"end":{"line":58,"column":58}},"29":{"start":{"line":59,"column":4},"end":{"line":59,"column":30}},"30":{"start":{"line":60,"column":4},"end":{"line":60,"column":29}},"31":{"start":{"line":61,"column":4},"end":{"line":61,"column":50}},"32":{"start":{"line":63,"column":4},"end":{"line":63,"column":31}},"33":{"start":{"line":64,"column":4},"end":{"line":64,"column":54}},"34":{"start":{"line":65,"column":4},"end":{"line":65,"column":40}},"35":{"start":{"line":68,"column":4},"end":{"line":70,"column":5}},"36":{"start":{"line":69,"column":6},"end":{"line":69,"column":61}},"37":{"start":{"line":71,"column":4},"end":{"line":71,"column":46}},"38":{"start":{"line":72,"column":4},"end":{"line":72,"column":64}},"39":{"start":{"line":73,"column":4},"end":{"line":73,"column":47}},"40":{"start":{"line":77,"column":4},"end":{"line":77,"column":55}},"41":{"start":{"line":78,"column":4},"end":{"line":78,"column":35}},"42":{"start":{"line":79,"column":4},"end":{"line":79,"column":55}},"43":{"start":{"line":80,"column":4},"end":{"line":80,"column":83}},"44":{"start":{"line":81,"column":4},"end":{"line":81,"column":27}},"45":{"start":{"line":82,"column":4},"end":{"line":82,"column":37}},"46":{"start":{"line":83,"column":4},"end":{"line":83,"column":19}},"47":{"start":{"line":87,"column":4},"end":{"line":97,"column":5}},"48":{"start":{"line":88,"column":6},"end":{"line":96,"column":9}},"49":{"start":{"line":89,"column":8},"end":{"line":89,"column":46}},"50":{"start":{"line":90,"column":8},"end":{"line":90,"column":47}},"51":{"start":{"line":91,"column":8},"end":{"line":91,"column":60}},"52":{"start":{"line":92,"column":8},"end":{"line":92,"column":98}},"53":{"start":{"line":93,"column":8},"end":{"line":95,"column":11}},"54":{"start":{"line":94,"column":10},"end":{"line":94,"column":56}},"55":{"start":{"line":102,"column":4},"end":{"line":102,"column":45}},"56":{"start":{"line":103,"column":4},"end":{"line":103,"column":94}},"57":{"start":{"line":104,"column":4},"end":{"line":104,"column":46}},"58":{"start":{"line":105,"column":4},"end":{"line":105,"column":42}},"59":{"start":{"line":106,"column":4},"end":{"line":106,"column":38}},"60":{"start":{"line":107,"column":4},"end":{"line":117,"column":7}},"61":{"start":{"line":108,"column":6},"end":{"line":108,"column":51}},"62":{"start":{"line":109,"column":6},"end":{"line":109,"column":69}},"63":{"start":{"line":110,"column":6},"end":{"line":112,"column":7}},"64":{"start":{"line":111,"column":8},"end":{"line":111,"column":49}},"65":{"start":{"line":113,"column":6},"end":{"line":115,"column":7}},"66":{"start":{"line":114,"column":8},"end":{"line":114,"column":51}},"67":{"start":{"line":116,"column":6},"end":{"line":116,"column":69}},"68":{"start":{"line":118,"column":4},"end":{"line":118,"column":66}},"69":{"start":{"line":122,"column":4},"end":{"line":122,"column":60}},"70":{"start":{"line":123,"column":4},"end":{"line":129,"column":5}},"71":{"start":{"line":124,"column":6},"end":{"line":128,"column":7}},"72":{"start":{"line":125,"column":8},"end":{"line":127,"column":9}},"73":{"start":{"line":126,"column":10},"end":{"line":126,"column":73}},"74":{"start":{"line":130,"column":4},"end":{"line":130,"column":24}},"75":{"start":{"line":134,"column":4},"end":{"line":134,"column":58}},"76":{"start":{"line":135,"column":4},"end":{"line":135,"column":58}},"77":{"start":{"line":137,"column":4},"end":{"line":141,"column":5}},"78":{"start":{"line":139,"column":6},"end":{"line":139,"column":51}},"79":{"start":{"line":140,"column":6},"end":{"line":140,"column":51}},"80":{"start":{"line":142,"column":4},"end":{"line":146,"column":5}},"81":{"start":{"line":144,"column":6},"end":{"line":144,"column":79}},"82":{"start":{"line":145,"column":6},"end":{"line":145,"column":36}},"83":{"start":{"line":147,"column":4},"end":{"line":149,"column":5}},"84":{"start":{"line":148,"column":6},"end":{"line":148,"column":13}},"85":{"start":{"line":151,"column":4},"end":{"line":151,"column":46}},"86":{"start":{"line":152,"column":4},"end":{"line":162,"column":19}},"87":{"start":{"line":153,"column":6},"end":{"line":153,"column":55}},"88":{"start":{"line":154,"column":6},"end":{"line":154,"column":52}},"89":{"start":{"line":155,"column":6},"end":{"line":161,"column":7}},"90":{"start":{"line":156,"column":8},"end":{"line":156,"column":60}},"91":{"start":{"line":157,"column":8},"end":{"line":157,"column":46}},"92":{"start":{"line":158,"column":8},"end":{"line":158,"column":39}},"93":{"start":{"line":160,"column":8},"end":{"line":160,"column":75}},"94":{"start":{"line":166,"column":4},"end":{"line":170,"column":5}},"95":{"start":{"line":167,"column":6},"end":{"line":167,"column":77}},"96":{"start":{"line":168,"column":6},"end":{"line":168,"column":49}},"97":{"start":{"line":169,"column":6},"end":{"line":169,"column":36}}},"branchMap":{"1":{"line":68,"type":"if","locations":[{"start":{"line":68,"column":4},"end":{"line":68,"column":4}},{"start":{"line":68,"column":4},"end":{"line":68,"column":4}}]},"2":{"line":69,"type":"binary-expr","locations":[{"start":{"line":69,"column":23},"end":{"line":69,"column":42}},{"start":{"line":69,"column":46},"end":{"line":69,"column":60}}]},"3":{"line":87,"type":"if","locations":[{"start":{"line":87,"column":4},"end":{"line":87,"column":4}},{"start":{"line":87,"column":4},"end":{"line":87,"column":4}}]},"4":{"line":110,"type":"if","locations":[{"start":{"line":110,"column":6},"end":{"line":110,"column":6}},{"start":{"line":110,"column":6},"end":{"line":110,"column":6}}]},"5":{"line":113,"type":"if","locations":[{"start":{"line":113,"column":6},"end":{"line":113,"column":6}},{"start":{"line":113,"column":6},"end":{"line":113,"column":6}}]},"6":{"line":123,"type":"if","locations":[{"start":{"line":123,"column":4},"end":{"line":123,"column":4}},{"start":{"line":123,"column":4},"end":{"line":123,"column":4}}]},"7":{"line":124,"type":"binary-expr","locations":[{"start":{"line":124,"column":21},"end":{"line":124,"column":40}},{"start":{"line":124,"column":44},"end":{"line":124,"column":57}}]},"8":{"line":125,"type":"binary-expr","locations":[{"start":{"line":125,"column":23},"end":{"line":125,"column":54}},{"start":{"line":125,"column":58},"end":{"line":125,"column":71}}]},"9":{"line":137,"type":"if","locations":[{"start":{"line":137,"column":4},"end":{"line":137,"column":4}},{"start":{"line":137,"column":4},"end":{"line":137,"column":4}}]},"10":{"line":142,"type":"if","locations":[{"start":{"line":142,"column":4},"end":{"line":142,"column":4}},{"start":{"line":142,"column":4},"end":{"line":142,"column":4}}]},"11":{"line":147,"type":"if","locations":[{"start":{"line":147,"column":4},"end":{"line":147,"column":4}},{"start":{"line":147,"column":4},"end":{"line":147,"column":4}}]},"12":{"line":166,"type":"if","locations":[{"start":{"line":166,"column":4},"end":{"line":166,"column":4}},{"start":{"line":166,"column":4},"end":{"line":166,"column":4}}]}}},"/home/travis/build/arf/java-codegen-yeoman/generator-java/generators/lib/promptmgr.js":{"path":"/home/travis/build/arf/java-codegen-yeoman/generator-java/generators/lib/promptmgr.js","s":{"1":1,"2":42,"3":42,"4":42,"5":42,"6":1,"7":126,"8":126,"9":126,"10":126,"11":126,"12":84,"13":126,"14":126,"15":588,"16":0,"17":0,"18":0,"19":126,"20":1,"21":15,"22":15,"23":15,"24":45,"25":15,"26":1,"27":0,"28":0,"29":0,"30":0,"31":0,"32":1,"33":15,"34":45,"35":45,"36":45,"37":45,"38":210,"39":210,"40":180,"41":45,"42":45,"43":1},"b":{"1":[84,42],"2":[84,42],"3":[0,588],"4":[0,0],"5":[0,0],"6":[180,30],"7":[45,0]},"f":{"1":42,"2":126,"3":15,"4":0,"5":15},"fnMap":{"1":{"name":"PromptManager","line":19,"loc":{"start":{"line":19,"column":0},"end":{"line":19,"column":31}}},"2":{"name":"(anonymous_2)","line":31,"loc":{"start":{"line":31,"column":30},"end":{"line":31,"column":47}}},"3":{"name":"(anonymous_3)","line":55,"loc":{"start":{"line":55,"column":39},"end":{"line":55,"column":50}}},"4":{"name":"(anonymous_4)","line":65,"loc":{"start":{"line":65,"column":39},"end":{"line":65,"column":60}}},"5":{"name":"(anonymous_5)","line":76,"loc":{"start":{"line":76,"column":38},"end":{"line":76,"column":64}}}},"statementMap":{"1":{"start":{"line":19,"column":0},"end":{"line":29,"column":1}},"2":{"start":{"line":20,"column":2},"end":{"line":20,"column":20}},"3":{"start":{"line":21,"column":2},"end":{"line":21,"column":18}},"4":{"start":{"line":22,"column":2},"end":{"line":27,"column":4}},"5":{"start":{"line":28,"column":2},"end":{"line":28,"column":23}},"6":{"start":{"line":31,"column":0},"end":{"line":53,"column":1}},"7":{"start":{"line":33,"column":2},"end":{"line":33,"column":92}},"8":{"start":{"line":34,"column":2},"end":{"line":34,"column":33}},"9":{"start":{"line":35,"column":2},"end":{"line":35,"column":25}},"10":{"start":{"line":37,"column":2},"end":{"line":37,"column":30}},"11":{"start":{"line":38,"column":2},"end":{"line":40,"column":3}},"12":{"start":{"line":39,"column":4},"end":{"line":39,"column":36}},"13":{"start":{"line":43,"column":2},"end":{"line":43,"column":33}},"14":{"start":{"line":44,"column":2},"end":{"line":51,"column":3}},"15":{"start":{"line":45,"column":4},"end":{"line":50,"column":5}},"16":{"start":{"line":46,"column":6},"end":{"line":48,"column":7}},"17":{"start":{"line":47,"column":8},"end":{"line":47,"column":52}},"18":{"start":{"line":49,"column":6},"end":{"line":49,"column":12}},"19":{"start":{"line":52,"column":2},"end":{"line":52,"column":13}},"20":{"start":{"line":55,"column":0},"end":{"line":62,"column":1}},"21":{"start":{"line":56,"column":2},"end":{"line":56,"column":21}},"22":{"start":{"line":57,"column":2},"end":{"line":57,"column":30}},"23":{"start":{"line":58,"column":2},"end":{"line":60,"column":3}},"24":{"start":{"line":59,"column":4},"end":{"line":59,"column":65}},"25":{"start":{"line":61,"column":2},"end":{"line":61,"column":19}},"26":{"start":{"line":65,"column":0},"end":{"line":74,"column":1}},"27":{"start":{"line":66,"column":2},"end":{"line":73,"column":3}},"28":{"start":{"line":67,"column":4},"end":{"line":72,"column":5}},"29":{"start":{"line":68,"column":6},"end":{"line":71,"column":7}},"30":{"start":{"line":69,"column":8},"end":{"line":69,"column":49}},"31":{"start":{"line":70,"column":8},"end":{"line":70,"column":14}},"32":{"start":{"line":76,"column":0},"end":{"line":91,"column":1}},"33":{"start":{"line":77,"column":2},"end":{"line":90,"column":3}},"34":{"start":{"line":78,"column":4},"end":{"line":78,"column":33}},"35":{"start":{"line":79,"column":4},"end":{"line":79,"column":42}},"36":{"start":{"line":80,"column":4},"end":{"line":80,"column":27}},"37":{"start":{"line":81,"column":4},"end":{"line":86,"column":5}},"38":{"start":{"line":82,"column":6},"end":{"line":82,"column":35}},"39":{"start":{"line":83,"column":6},"end":{"line":85,"column":7}},"40":{"start":{"line":84,"column":8},"end":{"line":84,"column":44}},"41":{"start":{"line":87,"column":4},"end":{"line":89,"column":5}},"42":{"start":{"line":88,"column":6},"end":{"line":88,"column":57}},"43":{"start":{"line":93,"column":0},"end":{"line":93,"column":41}}},"branchMap":{"1":{"line":33,"type":"cond-expr","locations":[{"start":{"line":33,"column":43},"end":{"line":33,"column":82}},{"start":{"line":33,"column":85},"end":{"line":33,"column":91}}]},"2":{"line":38,"type":"if","locations":[{"start":{"line":38,"column":2},"end":{"line":38,"column":2}},{"start":{"line":38,"column":2},"end":{"line":38,"column":2}}]},"3":{"line":45,"type":"if","locations":[{"start":{"line":45,"column":4},"end":{"line":45,"column":4}},{"start":{"line":45,"column":4},"end":{"line":45,"column":4}}]},"4":{"line":67,"type":"if","locations":[{"start":{"line":67,"column":4},"end":{"line":67,"column":4}},{"start":{"line":67,"column":4},"end":{"line":67,"column":4}}]},"5":{"line":68,"type":"if","locations":[{"start":{"line":68,"column":6},"end":{"line":68,"column":6}},{"start":{"line":68,"column":6},"end":{"line":68,"column":6}}]},"6":{"line":83,"type":"if","locations":[{"start":{"line":83,"column":6},"end":{"line":83,"column":6}},{"start":{"line":83,"column":6},"end":{"line":83,"column":6}}]},"7":{"line":87,"type":"if","locations":[{"start":{"line":87,"column":4},"end":{"line":87,"column":4}},{"start":{"line":87,"column":4},"end":{"line":87,"column":4}}]}}},"/home/travis/build/arf/java-codegen-yeoman/generator-java/generators/lib/defaults.js":{"path":"/home/travis/build/arf/java-codegen-yeoman/generator-java/generators/lib/defaults.js","s":{"1":1,"2":1,"3":15,"4":42,"5":1,"6":504,"7":1,"8":588,"9":84,"10":504,"11":1,"12":15,"13":15,"14":0,"15":0,"16":0,"17":1},"b":{"1":[42,0],"2":[84,504],"3":[15,0],"4":[0,0]},"f":{"1":504,"2":588,"3":15},"fnMap":{"1":{"name":"(anonymous_1)","line":36,"loc":{"start":{"line":36,"column":23},"end":{"line":36,"column":38}}},"2":{"name":"(anonymous_2)","line":40,"loc":{"start":{"line":40,"column":10},"end":{"line":40,"column":25}}},"3":{"name":"(anonymous_3)","line":48,"loc":{"start":{"line":48,"column":15},"end":{"line":48,"column":31}}}},"statementMap":{"1":{"start":{"line":19,"column":0},"end":{"line":19,"column":58}},"2":{"start":{"line":21,"column":0},"end":{"line":34,"column":2}},"3":{"start":{"line":31,"column":56},"end":{"line":31,"column":79}},"4":{"start":{"line":33,"column":112},"end":{"line":33,"column":167}},"5":{"start":{"line":36,"column":0},"end":{"line":38,"column":1}},"6":{"start":{"line":37,"column":2},"end":{"line":37,"column":24}},"7":{"start":{"line":40,"column":0},"end":{"line":46,"column":1}},"8":{"start":{"line":41,"column":2},"end":{"line":45,"column":3}},"9":{"start":{"line":42,"column":4},"end":{"line":42,"column":33}},"10":{"start":{"line":44,"column":4},"end":{"line":44,"column":34}},"11":{"start":{"line":48,"column":0},"end":{"line":56,"column":1}},"12":{"start":{"line":49,"column":2},"end":{"line":51,"column":3}},"13":{"start":{"line":50,"column":4},"end":{"line":50,"column":29}},"14":{"start":{"line":52,"column":2},"end":{"line":54,"column":3}},"15":{"start":{"line":53,"column":4},"end":{"line":53,"column":17}},"16":{"start":{"line":55,"column":2},"end":{"line":55,"column":15}},"17":{"start":{"line":58,"column":0},"end":{"line":61,"column":2}}},"branchMap":{"1":{"line":33,"type":"cond-expr","locations":[{"start":{"line":33,"column":142},"end":{"line":33,"column":147}},{"start":{"line":33,"column":150},"end":{"line":33,"column":166}}]},"2":{"line":41,"type":"if","locations":[{"start":{"line":41,"column":2},"end":{"line":41,"column":2}},{"start":{"line":41,"column":2},"end":{"line":41,"column":2}}]},"3":{"line":49,"type":"if","locations":[{"start":{"line":49,"column":2},"end":{"line":49,"column":2}},{"start":{"line":49,"column":2},"end":{"line":49,"column":2}}]},"4":{"line":52,"type":"if","locations":[{"start":{"line":52,"column":2},"end":{"line":52,"column":2}},{"start":{"line":52,"column":2},"end":{"line":52,"column":2}}]}}},"/home/travis/build/arf/java-codegen-yeoman/generator-java/generators/lib/helpers.js":{"path":"/home/travis/build/arf/java-codegen-yeoman/generator-java/generators/lib/helpers.js","s":{"1":1,"2":1,"3":1,"4":0,"5":0,"6":1,"7":144,"8":1},"b":{},"f":{"1":0,"2":144},"fnMap":{"1":{"name":"(anonymous_1)","line":22,"loc":{"start":{"line":22,"column":39},"end":{"line":22,"column":53}}},"2":{"name":"(anonymous_2)","line":28,"loc":{"start":{"line":28,"column":33},"end":{"line":28,"column":51}}}},"statementMap":{"1":{"start":{"line":18,"column":0},"end":{"line":18,"column":43}},"2":{"start":{"line":19,"column":0},"end":{"line":19,"column":37}},"3":{"start":{"line":22,"column":0},"end":{"line":25,"column":3}},"4":{"start":{"line":23,"column":2},"end":{"line":23,"column":29}},"5":{"start":{"line":24,"column":2},"end":{"line":24,"column":54}},"6":{"start":{"line":28,"column":0},"end":{"line":30,"column":3}},"7":{"start":{"line":29,"column":2},"end":{"line":29,"column":31}},"8":{"start":{"line":32,"column":0},"end":{"line":34,"column":1}}},"branchMap":{}},"/home/travis/build/arf/java-codegen-yeoman/generator-java/generators/prompts/patterns.js":{"path":"/home/travis/build/arf/java-codegen-yeoman/generator-java/generators/prompts/patterns.js","s":{"1":1,"2":1,"3":1,"4":42,"5":42,"6":1,"7":42,"8":1,"9":75,"10":75,"11":75,"12":0,"13":75,"14":0,"15":75,"16":1,"17":72,"18":15,"19":1,"20":15,"21":1},"b":{"1":[75,0],"2":[0,75]},"f":{"1":42,"2":42,"3":75,"4":72,"5":15},"fnMap":{"1":{"name":"Extension","line":23,"loc":{"start":{"line":23,"column":0},"end":{"line":23,"column":27}}},"2":{"name":"(anonymous_2)","line":28,"loc":{"start":{"line":28,"column":32},"end":{"line":28,"column":43}}},"3":{"name":"(anonymous_3)","line":36,"loc":{"start":{"line":36,"column":27},"end":{"line":36,"column":45}}},"4":{"name":"(anonymous_4)","line":50,"loc":{"start":{"line":50,"column":35},"end":{"line":50,"column":46}}},"5":{"name":"(anonymous_5)","line":102,"loc":{"start":{"line":102,"column":34},"end":{"line":102,"column":60}}}},"statementMap":{"1":{"start":{"line":19,"column":0},"end":{"line":19,"column":45}},"2":{"start":{"line":21,"column":0},"end":{"line":21,"column":36}},"3":{"start":{"line":23,"column":0},"end":{"line":26,"column":1}},"4":{"start":{"line":24,"column":2},"end":{"line":24,"column":22}},"5":{"start":{"line":25,"column":2},"end":{"line":25,"column":23}},"6":{"start":{"line":28,"column":0},"end":{"line":34,"column":1}},"7":{"start":{"line":29,"column":2},"end":{"line":33,"column":4}},"8":{"start":{"line":36,"column":0},"end":{"line":48,"column":1}},"9":{"start":{"line":37,"column":2},"end":{"line":37,"column":21}},"10":{"start":{"line":38,"column":2},"end":{"line":46,"column":3}},"11":{"start":{"line":39,"column":4},"end":{"line":43,"column":5}},"12":{"start":{"line":40,"column":6},"end":{"line":40,"column":50}},"13":{"start":{"line":42,"column":6},"end":{"line":42,"column":54}},"14":{"start":{"line":45,"column":4},"end":{"line":45,"column":52}},"15":{"start":{"line":47,"column":2},"end":{"line":47,"column":16}},"16":{"start":{"line":50,"column":0},"end":{"line":100,"column":1}},"17":{"start":{"line":51,"column":2},"end":{"line":99,"column":7}},"18":{"start":{"line":98,"column":30},"end":{"line":98,"column":52}},"19":{"start":{"line":102,"column":0},"end":{"line":104,"column":1}},"20":{"start":{"line":103,"column":2},"end":{"line":103,"column":24}},"21":{"start":{"line":106,"column":0},"end":{"line":106,"column":37}}},"branchMap":{"1":{"line":38,"type":"if","locations":[{"start":{"line":38,"column":2},"end":{"line":38,"column":2}},{"start":{"line":38,"column":2},"end":{"line":38,"column":2}}]},"2":{"line":39,"type":"if","locations":[{"start":{"line":39,"column":4},"end":{"line":39,"column":4}},{"start":{"line":39,"column":4},"end":{"line":39,"column":4}}]}}},"/home/travis/build/arf/java-codegen-yeoman/generator-java/generators/prompts/bluemix.js":{"path":"/home/travis/build/arf/java-codegen-yeoman/generator-java/generators/prompts/bluemix.js","s":{"1":1,"2":1,"3":1,"4":42,"5":42,"6":1,"7":42,"8":1,"9":30,"10":30,"11":30,"12":0,"13":30,"14":0,"15":30,"16":1,"17":72,"18":1,"19":15,"20":15,"21":15,"22":15,"23":15,"24":0,"25":15,"26":15,"27":15,"28":15,"29":18,"30":18,"31":6,"32":6,"33":12,"34":6,"35":6,"36":12,"37":6,"38":6,"39":1},"b":{"1":[30,0],"2":[0,30],"3":[0,0],"4":[30,0],"5":[15,0],"6":[15,0],"7":[0,15],"8":[15,15,0],"9":[6,12],"10":[6,6],"11":[6,0],"12":[6,6],"13":[6,0]},"f":{"1":42,"2":42,"3":30,"4":72,"5":15},"fnMap":{"1":{"name":"Extension","line":23,"loc":{"start":{"line":23,"column":0},"end":{"line":23,"column":27}}},"2":{"name":"(anonymous_2)","line":28,"loc":{"start":{"line":28,"column":32},"end":{"line":28,"column":43}}},"3":{"name":"(anonymous_3)","line":32,"loc":{"start":{"line":32,"column":27},"end":{"line":32,"column":45}}},"4":{"name":"(anonymous_4)","line":46,"loc":{"start":{"line":46,"column":35},"end":{"line":46,"column":46}}},"5":{"name":"(anonymous_5)","line":63,"loc":{"start":{"line":63,"column":34},"end":{"line":63,"column":60}}}},"statementMap":{"1":{"start":{"line":19,"column":0},"end":{"line":19,"column":45}},"2":{"start":{"line":21,"column":0},"end":{"line":21,"column":35}},"3":{"start":{"line":23,"column":0},"end":{"line":26,"column":1}},"4":{"start":{"line":24,"column":2},"end":{"line":24,"column":22}},"5":{"start":{"line":25,"column":2},"end":{"line":25,"column":23}},"6":{"start":{"line":28,"column":0},"end":{"line":30,"column":1}},"7":{"start":{"line":29,"column":2},"end":{"line":29,"column":19}},"8":{"start":{"line":32,"column":0},"end":{"line":44,"column":1}},"9":{"start":{"line":33,"column":2},"end":{"line":33,"column":21}},"10":{"start":{"line":34,"column":2},"end":{"line":42,"column":3}},"11":{"start":{"line":35,"column":4},"end":{"line":39,"column":5}},"12":{"start":{"line":36,"column":6},"end":{"line":36,"column":80}},"13":{"start":{"line":38,"column":6},"end":{"line":38,"column":84}},"14":{"start":{"line":41,"column":4},"end":{"line":41,"column":60}},"15":{"start":{"line":43,"column":2},"end":{"line":43,"column":16}},"16":{"start":{"line":46,"column":0},"end":{"line":61,"column":1}},"17":{"start":{"line":47,"column":2},"end":{"line":60,"column":5}},"18":{"start":{"line":63,"column":0},"end":{"line":123,"column":1}},"19":{"start":{"line":65,"column":2},"end":{"line":67,"column":3}},"20":{"start":{"line":66,"column":4},"end":{"line":66,"column":50}},"21":{"start":{"line":68,"column":2},"end":{"line":68,"column":24}},"22":{"start":{"line":70,"column":2},"end":{"line":122,"column":3}},"23":{"start":{"line":71,"column":4},"end":{"line":73,"column":5}},"24":{"start":{"line":72,"column":6},"end":{"line":72,"column":26}},"25":{"start":{"line":74,"column":4},"end":{"line":74,"column":74}},"26":{"start":{"line":75,"column":4},"end":{"line":79,"column":5}},"27":{"start":{"line":80,"column":4},"end":{"line":80,"column":54}},"28":{"start":{"line":81,"column":4},"end":{"line":121,"column":5}},"29":{"start":{"line":82,"column":6},"end":{"line":82,"column":40}},"30":{"start":{"line":83,"column":6},"end":{"line":86,"column":7}},"31":{"start":{"line":84,"column":8},"end":{"line":84,"column":35}},"32":{"start":{"line":85,"column":8},"end":{"line":85,"column":14}},"33":{"start":{"line":87,"column":6},"end":{"line":102,"column":7}},"34":{"start":{"line":88,"column":8},"end":{"line":101,"column":9}},"35":{"start":{"line":89,"column":10},"end":{"line":100,"column":12}},"36":{"start":{"line":103,"column":6},"end":{"line":120,"column":7}},"37":{"start":{"line":104,"column":8},"end":{"line":119,"column":9}},"38":{"start":{"line":105,"column":10},"end":{"line":118,"column":12}},"39":{"start":{"line":125,"column":0},"end":{"line":125,"column":37}}},"branchMap":{"1":{"line":34,"type":"if","locations":[{"start":{"line":34,"column":2},"end":{"line":34,"column":2}},{"start":{"line":34,"column":2},"end":{"line":34,"column":2}}]},"2":{"line":35,"type":"if","locations":[{"start":{"line":35,"column":4},"end":{"line":35,"column":4}},{"start":{"line":35,"column":4},"end":{"line":35,"column":4}}]},"3":{"line":36,"type":"binary-expr","locations":[{"start":{"line":36,"column":16},"end":{"line":36,"column":56}},{"start":{"line":36,"column":60},"end":{"line":36,"column":78}}]},"4":{"line":38,"type":"binary-expr","locations":[{"start":{"line":38,"column":16},"end":{"line":38,"column":60}},{"start":{"line":38,"column":64},"end":{"line":38,"column":82}}]},"5":{"line":65,"type":"if","locations":[{"start":{"line":65,"column":2},"end":{"line":65,"column":2}},{"start":{"line":65,"column":2},"end":{"line":65,"column":2}}]},"6":{"line":70,"type":"if","locations":[{"start":{"line":70,"column":2},"end":{"line":70,"column":2}},{"start":{"line":70,"column":2},"end":{"line":70,"column":2}}]},"7":{"line":71,"type":"if","locations":[{"start":{"line":71,"column":4},"end":{"line":71,"column":4}},{"start":{"line":71,"column":4},"end":{"line":71,"column":4}}]},"8":{"line":76,"type":"binary-expr","locations":[{"start":{"line":76,"column":13},"end":{"line":76,"column":28}},{"start":{"line":76,"column":32},"end":{"line":76,"column":46}},{"start":{"line":76,"column":50},"end":{"line":76,"column":62}}]},"9":{"line":83,"type":"if","locations":[{"start":{"line":83,"column":6},"end":{"line":83,"column":6}},{"start":{"line":83,"column":6},"end":{"line":83,"column":6}}]},"10":{"line":87,"type":"if","locations":[{"start":{"line":87,"column":6},"end":{"line":87,"column":6}},{"start":{"line":87,"column":6},"end":{"line":87,"column":6}}]},"11":{"line":88,"type":"if","locations":[{"start":{"line":88,"column":8},"end":{"line":88,"column":8}},{"start":{"line":88,"column":8},"end":{"line":88,"column":8}}]},"12":{"line":103,"type":"if","locations":[{"start":{"line":103,"column":6},"end":{"line":103,"column":6}},{"start":{"line":103,"column":6},"end":{"line":103,"column":6}}]},"13":{"line":104,"type":"if","locations":[{"start":{"line":104,"column":8},"end":{"line":104,"column":8}},{"start":{"line":104,"column":8},"end":{"line":104,"column":8}}]}}}}