{"/home/travis/build/arf/java-codegen-yeoman/generator-java/generators/app/index.js":{"path":"/home/travis/build/arf/java-codegen-yeoman/generator-java/generators/app/index.js","s":{"1":1,"2":1,"3":1,"4":1,"5":1,"6":1,"7":1,"8":1,"9":1,"10":1,"11":1,"12":1,"13":1,"14":1,"15":1,"16":1,"17":1,"18":1,"19":1,"20":1,"21":1,"22":44,"23":44,"24":44,"25":44,"26":44,"27":44,"28":44,"29":44,"30":44,"31":44,"32":44,"33":44,"34":21,"35":44,"36":44,"37":44,"38":44,"39":44,"40":44,"41":44,"42":44,"43":44,"44":44,"45":88,"46":88,"47":88,"48":88,"49":88,"50":88,"51":88,"52":44,"53":14,"54":14,"55":14,"56":14,"57":14,"58":14,"59":210,"60":14,"61":105,"62":91,"63":14,"64":44,"65":44,"66":44,"67":44,"68":44,"69":44,"70":5,"71":39,"72":44,"73":44,"74":44,"75":44,"76":44,"77":44,"78":1980,"79":1980,"80":1980,"81":1980,"82":1980,"83":1980,"84":1980,"85":1980,"86":1980,"87":44,"88":44,"89":44,"90":0,"91":0,"92":0,"93":44,"94":44,"95":44,"96":44,"97":0,"98":0,"99":44,"100":0,"101":0,"102":44,"103":0,"104":44,"105":44,"106":577,"107":577,"108":577,"109":577,"110":577,"111":577,"112":0,"113":44,"114":44,"115":44,"116":44},"b":{"1":[21,23],"2":[21,16],"3":[14,30],"4":[91,14],"5":[12,32],"6":[5,39],"7":[44,42],"8":[1980,0],"9":[1980,0],"10":[0,44],"11":[0,0],"12":[0,0],"13":[0,44],"14":[0,44],"15":[0,44],"16":[44,0]},"f":{"1":44,"2":44,"3":44,"4":88,"5":44,"6":44,"7":44,"8":44,"9":44},"fnMap":{"1":{"name":"(anonymous_1)","line":43,"loc":{"start":{"line":43,"column":13},"end":{"line":43,"column":26}}},"2":{"name":"(anonymous_2)","line":53,"loc":{"start":{"line":53,"column":14},"end":{"line":53,"column":17}}},"3":{"name":"(anonymous_3)","line":75,"loc":{"start":{"line":75,"column":23},"end":{"line":75,"column":30}}},"4":{"name":"(anonymous_4)","line":82,"loc":{"start":{"line":82,"column":13},"end":{"line":82,"column":20}}},"5":{"name":"(anonymous_5)","line":92,"loc":{"start":{"line":92,"column":11},"end":{"line":92,"column":14}}},"6":{"name":"(anonymous_6)","line":113,"loc":{"start":{"line":113,"column":13},"end":{"line":113,"column":16}}},"7":{"name":"(anonymous_7)","line":147,"loc":{"start":{"line":147,"column":17},"end":{"line":147,"column":20}}},"8":{"name":"(anonymous_8)","line":159,"loc":{"start":{"line":159,"column":9},"end":{"line":159,"column":12}}},"9":{"name":"(anonymous_9)","line":191,"loc":{"start":{"line":191,"column":5},"end":{"line":191,"column":8}}}},"statementMap":{"1":{"start":{"line":17,"column":0},"end":{"line":17,"column":46}},"2":{"start":{"line":18,"column":0},"end":{"line":18,"column":31}},"3":{"start":{"line":19,"column":0},"end":{"line":19,"column":25}},"4":{"start":{"line":20,"column":0},"end":{"line":20,"column":33}},"5":{"start":{"line":22,"column":0},"end":{"line":22,"column":46}},"6":{"start":{"line":23,"column":0},"end":{"line":23,"column":44}},"7":{"start":{"line":24,"column":0},"end":{"line":24,"column":62}},"8":{"start":{"line":26,"column":0},"end":{"line":26,"column":43}},"9":{"start":{"line":27,"column":0},"end":{"line":27,"column":29}},"10":{"start":{"line":28,"column":0},"end":{"line":28,"column":37}},"11":{"start":{"line":29,"column":0},"end":{"line":29,"column":31}},"12":{"start":{"line":30,"column":0},"end":{"line":30,"column":31}},"13":{"start":{"line":31,"column":0},"end":{"line":31,"column":26}},"14":{"start":{"line":32,"column":0},"end":{"line":32,"column":56}},"15":{"start":{"line":34,"column":0},"end":{"line":34,"column":23}},"16":{"start":{"line":35,"column":0},"end":{"line":35,"column":26}},"17":{"start":{"line":36,"column":0},"end":{"line":36,"column":18}},"18":{"start":{"line":37,"column":0},"end":{"line":37,"column":28}},"19":{"start":{"line":38,"column":0},"end":{"line":38,"column":126}},"20":{"start":{"line":39,"column":0},"end":{"line":39,"column":30}},"21":{"start":{"line":41,"column":0},"end":{"line":199,"column":2}},"22":{"start":{"line":44,"column":4},"end":{"line":44,"column":22}},"23":{"start":{"line":47,"column":4},"end":{"line":47,"column":30}},"24":{"start":{"line":48,"column":4},"end":{"line":48,"column":47}},"25":{"start":{"line":49,"column":4},"end":{"line":49,"column":61}},"26":{"start":{"line":54,"column":4},"end":{"line":54,"column":34}},"27":{"start":{"line":55,"column":4},"end":{"line":55,"column":38}},"28":{"start":{"line":56,"column":4},"end":{"line":56,"column":30}},"29":{"start":{"line":57,"column":4},"end":{"line":57,"column":29}},"30":{"start":{"line":58,"column":4},"end":{"line":58,"column":50}},"31":{"start":{"line":60,"column":4},"end":{"line":60,"column":35}},"32":{"start":{"line":61,"column":4},"end":{"line":61,"column":54}},"33":{"start":{"line":64,"column":4},"end":{"line":66,"column":5}},"34":{"start":{"line":65,"column":6},"end":{"line":65,"column":61}},"35":{"start":{"line":67,"column":4},"end":{"line":67,"column":46}},"36":{"start":{"line":68,"column":4},"end":{"line":68,"column":64}},"37":{"start":{"line":69,"column":4},"end":{"line":69,"column":48}},"38":{"start":{"line":70,"column":4},"end":{"line":70,"column":47}},"39":{"start":{"line":71,"column":4},"end":{"line":71,"column":46}},"40":{"start":{"line":72,"column":4},"end":{"line":72,"column":32}},"41":{"start":{"line":76,"column":4},"end":{"line":76,"column":64}},"42":{"start":{"line":77,"column":4},"end":{"line":77,"column":56}},"43":{"start":{"line":78,"column":4},"end":{"line":78,"column":89}},"44":{"start":{"line":79,"column":4},"end":{"line":79,"column":52}},"45":{"start":{"line":83,"column":4},"end":{"line":83,"column":55}},"46":{"start":{"line":84,"column":4},"end":{"line":84,"column":35}},"47":{"start":{"line":85,"column":4},"end":{"line":85,"column":55}},"48":{"start":{"line":86,"column":4},"end":{"line":86,"column":83}},"49":{"start":{"line":87,"column":4},"end":{"line":87,"column":27}},"50":{"start":{"line":88,"column":4},"end":{"line":88,"column":37}},"51":{"start":{"line":89,"column":4},"end":{"line":89,"column":19}},"52":{"start":{"line":93,"column":4},"end":{"line":110,"column":5}},"53":{"start":{"line":94,"column":6},"end":{"line":109,"column":9}},"54":{"start":{"line":95,"column":8},"end":{"line":95,"column":46}},"55":{"start":{"line":96,"column":8},"end":{"line":96,"column":47}},"56":{"start":{"line":97,"column":8},"end":{"line":97,"column":60}},"57":{"start":{"line":98,"column":8},"end":{"line":98,"column":98}},"58":{"start":{"line":99,"column":8},"end":{"line":101,"column":11}},"59":{"start":{"line":100,"column":10},"end":{"line":100,"column":56}},"60":{"start":{"line":102,"column":8},"end":{"line":108,"column":11}},"61":{"start":{"line":103,"column":10},"end":{"line":107,"column":11}},"62":{"start":{"line":104,"column":12},"end":{"line":104,"column":59}},"63":{"start":{"line":106,"column":12},"end":{"line":106,"column":45}},"64":{"start":{"line":114,"column":4},"end":{"line":114,"column":44}},"65":{"start":{"line":115,"column":4},"end":{"line":115,"column":45}},"66":{"start":{"line":116,"column":4},"end":{"line":116,"column":81}},"67":{"start":{"line":117,"column":4},"end":{"line":118,"column":58}},"68":{"start":{"line":119,"column":4},"end":{"line":119,"column":121}},"69":{"start":{"line":120,"column":4},"end":{"line":124,"column":5}},"70":{"start":{"line":121,"column":6},"end":{"line":121,"column":44}},"71":{"start":{"line":123,"column":6},"end":{"line":123,"column":39}},"72":{"start":{"line":126,"column":4},"end":{"line":126,"column":45}},"73":{"start":{"line":127,"column":4},"end":{"line":127,"column":94}},"74":{"start":{"line":128,"column":4},"end":{"line":128,"column":46}},"75":{"start":{"line":129,"column":4},"end":{"line":129,"column":42}},"76":{"start":{"line":130,"column":4},"end":{"line":130,"column":38}},"77":{"start":{"line":131,"column":4},"end":{"line":143,"column":7}},"78":{"start":{"line":132,"column":6},"end":{"line":132,"column":52}},"79":{"start":{"line":133,"column":6},"end":{"line":133,"column":52}},"80":{"start":{"line":134,"column":6},"end":{"line":134,"column":56}},"81":{"start":{"line":135,"column":6},"end":{"line":135,"column":74}},"82":{"start":{"line":136,"column":6},"end":{"line":138,"column":7}},"83":{"start":{"line":137,"column":8},"end":{"line":137,"column":54}},"84":{"start":{"line":139,"column":6},"end":{"line":141,"column":7}},"85":{"start":{"line":140,"column":8},"end":{"line":140,"column":56}},"86":{"start":{"line":142,"column":6},"end":{"line":142,"column":69}},"87":{"start":{"line":144,"column":4},"end":{"line":144,"column":66}},"88":{"start":{"line":148,"column":4},"end":{"line":148,"column":60}},"89":{"start":{"line":149,"column":4},"end":{"line":155,"column":5}},"90":{"start":{"line":150,"column":6},"end":{"line":154,"column":7}},"91":{"start":{"line":151,"column":8},"end":{"line":153,"column":9}},"92":{"start":{"line":152,"column":10},"end":{"line":152,"column":73}},"93":{"start":{"line":156,"column":4},"end":{"line":156,"column":24}},"94":{"start":{"line":160,"column":4},"end":{"line":160,"column":58}},"95":{"start":{"line":161,"column":4},"end":{"line":161,"column":58}},"96":{"start":{"line":163,"column":4},"end":{"line":167,"column":5}},"97":{"start":{"line":165,"column":6},"end":{"line":165,"column":51}},"98":{"start":{"line":166,"column":6},"end":{"line":166,"column":51}},"99":{"start":{"line":168,"column":4},"end":{"line":172,"column":5}},"100":{"start":{"line":170,"column":6},"end":{"line":170,"column":79}},"101":{"start":{"line":171,"column":6},"end":{"line":171,"column":36}},"102":{"start":{"line":173,"column":4},"end":{"line":175,"column":5}},"103":{"start":{"line":174,"column":6},"end":{"line":174,"column":13}},"104":{"start":{"line":177,"column":4},"end":{"line":177,"column":46}},"105":{"start":{"line":178,"column":4},"end":{"line":188,"column":19}},"106":{"start":{"line":179,"column":6},"end":{"line":179,"column":55}},"107":{"start":{"line":180,"column":6},"end":{"line":180,"column":52}},"108":{"start":{"line":181,"column":6},"end":{"line":187,"column":7}},"109":{"start":{"line":182,"column":8},"end":{"line":182,"column":60}},"110":{"start":{"line":183,"column":8},"end":{"line":183,"column":46}},"111":{"start":{"line":184,"column":8},"end":{"line":184,"column":39}},"112":{"start":{"line":186,"column":8},"end":{"line":186,"column":75}},"113":{"start":{"line":192,"column":4},"end":{"line":196,"column":5}},"114":{"start":{"line":193,"column":6},"end":{"line":193,"column":77}},"115":{"start":{"line":194,"column":6},"end":{"line":194,"column":49}},"116":{"start":{"line":195,"column":6},"end":{"line":195,"column":36}}},"branchMap":{"1":{"line":64,"type":"if","locations":[{"start":{"line":64,"column":4},"end":{"line":64,"column":4}},{"start":{"line":64,"column":4},"end":{"line":64,"column":4}}]},"2":{"line":65,"type":"binary-expr","locations":[{"start":{"line":65,"column":23},"end":{"line":65,"column":42}},{"start":{"line":65,"column":46},"end":{"line":65,"column":60}}]},"3":{"line":93,"type":"if","locations":[{"start":{"line":93,"column":4},"end":{"line":93,"column":4}},{"start":{"line":93,"column":4},"end":{"line":93,"column":4}}]},"4":{"line":103,"type":"if","locations":[{"start":{"line":103,"column":10},"end":{"line":103,"column":10}},{"start":{"line":103,"column":10},"end":{"line":103,"column":10}}]},"5":{"line":116,"type":"cond-expr","locations":[{"start":{"line":116,"column":49},"end":{"line":116,"column":57}},{"start":{"line":116,"column":60},"end":{"line":116,"column":80}}]},"6":{"line":120,"type":"if","locations":[{"start":{"line":120,"column":4},"end":{"line":120,"column":4}},{"start":{"line":120,"column":4},"end":{"line":120,"column":4}}]},"7":{"line":120,"type":"binary-expr","locations":[{"start":{"line":120,"column":7},"end":{"line":120,"column":41}},{"start":{"line":120,"column":45},"end":{"line":120,"column":77}}]},"8":{"line":136,"type":"if","locations":[{"start":{"line":136,"column":6},"end":{"line":136,"column":6}},{"start":{"line":136,"column":6},"end":{"line":136,"column":6}}]},"9":{"line":139,"type":"if","locations":[{"start":{"line":139,"column":6},"end":{"line":139,"column":6}},{"start":{"line":139,"column":6},"end":{"line":139,"column":6}}]},"10":{"line":149,"type":"if","locations":[{"start":{"line":149,"column":4},"end":{"line":149,"column":4}},{"start":{"line":149,"column":4},"end":{"line":149,"column":4}}]},"11":{"line":150,"type":"binary-expr","locations":[{"start":{"line":150,"column":21},"end":{"line":150,"column":40}},{"start":{"line":150,"column":44},"end":{"line":150,"column":57}}]},"12":{"line":151,"type":"binary-expr","locations":[{"start":{"line":151,"column":23},"end":{"line":151,"column":54}},{"start":{"line":151,"column":58},"end":{"line":151,"column":71}}]},"13":{"line":163,"type":"if","locations":[{"start":{"line":163,"column":4},"end":{"line":163,"column":4}},{"start":{"line":163,"column":4},"end":{"line":163,"column":4}}]},"14":{"line":168,"type":"if","locations":[{"start":{"line":168,"column":4},"end":{"line":168,"column":4}},{"start":{"line":168,"column":4},"end":{"line":168,"column":4}}]},"15":{"line":173,"type":"if","locations":[{"start":{"line":173,"column":4},"end":{"line":173,"column":4}},{"start":{"line":173,"column":4},"end":{"line":173,"column":4}}]},"16":{"line":192,"type":"if","locations":[{"start":{"line":192,"column":4},"end":{"line":192,"column":4}},{"start":{"line":192,"column":4},"end":{"line":192,"column":4}}]}}},"/home/travis/build/arf/java-codegen-yeoman/generator-java/generators/lib/promptmgr.js":{"path":"/home/travis/build/arf/java-codegen-yeoman/generator-java/generators/lib/promptmgr.js","s":{"1":1,"2":44,"3":44,"4":44,"5":44,"6":1,"7":176,"8":176,"9":176,"10":176,"11":176,"12":132,"13":176,"14":176,"15":968,"16":0,"17":0,"18":0,"19":176,"20":1,"21":14,"22":14,"23":14,"24":56,"25":14,"26":1,"27":0,"28":0,"29":0,"30":0,"31":0,"32":1,"33":14,"34":56,"35":56,"36":56,"37":56,"38":308,"39":308,"40":238,"41":56,"42":56,"43":1},"b":{"1":[88,88],"2":[132,44],"3":[0,968],"4":[0,0],"5":[0,0],"6":[238,70],"7":[56,0]},"f":{"1":44,"2":176,"3":14,"4":0,"5":14},"fnMap":{"1":{"name":"PromptManager","line":19,"loc":{"start":{"line":19,"column":0},"end":{"line":19,"column":31}}},"2":{"name":"(anonymous_2)","line":31,"loc":{"start":{"line":31,"column":30},"end":{"line":31,"column":47}}},"3":{"name":"(anonymous_3)","line":55,"loc":{"start":{"line":55,"column":39},"end":{"line":55,"column":50}}},"4":{"name":"(anonymous_4)","line":65,"loc":{"start":{"line":65,"column":39},"end":{"line":65,"column":60}}},"5":{"name":"(anonymous_5)","line":76,"loc":{"start":{"line":76,"column":38},"end":{"line":76,"column":64}}}},"statementMap":{"1":{"start":{"line":19,"column":0},"end":{"line":29,"column":1}},"2":{"start":{"line":20,"column":2},"end":{"line":20,"column":20}},"3":{"start":{"line":21,"column":2},"end":{"line":21,"column":18}},"4":{"start":{"line":22,"column":2},"end":{"line":27,"column":4}},"5":{"start":{"line":28,"column":2},"end":{"line":28,"column":23}},"6":{"start":{"line":31,"column":0},"end":{"line":53,"column":1}},"7":{"start":{"line":33,"column":2},"end":{"line":33,"column":92}},"8":{"start":{"line":34,"column":2},"end":{"line":34,"column":33}},"9":{"start":{"line":35,"column":2},"end":{"line":35,"column":25}},"10":{"start":{"line":37,"column":2},"end":{"line":37,"column":30}},"11":{"start":{"line":38,"column":2},"end":{"line":40,"column":3}},"12":{"start":{"line":39,"column":4},"end":{"line":39,"column":36}},"13":{"start":{"line":43,"column":2},"end":{"line":43,"column":33}},"14":{"start":{"line":44,"column":2},"end":{"line":51,"column":3}},"15":{"start":{"line":45,"column":4},"end":{"line":50,"column":5}},"16":{"start":{"line":46,"column":6},"end":{"line":48,"column":7}},"17":{"start":{"line":47,"column":8},"end":{"line":47,"column":52}},"18":{"start":{"line":49,"column":6},"end":{"line":49,"column":12}},"19":{"start":{"line":52,"column":2},"end":{"line":52,"column":13}},"20":{"start":{"line":55,"column":0},"end":{"line":62,"column":1}},"21":{"start":{"line":56,"column":2},"end":{"line":56,"column":21}},"22":{"start":{"line":57,"column":2},"end":{"line":57,"column":30}},"23":{"start":{"line":58,"column":2},"end":{"line":60,"column":3}},"24":{"start":{"line":59,"column":4},"end":{"line":59,"column":65}},"25":{"start":{"line":61,"column":2},"end":{"line":61,"column":19}},"26":{"start":{"line":65,"column":0},"end":{"line":74,"column":1}},"27":{"start":{"line":66,"column":2},"end":{"line":73,"column":3}},"28":{"start":{"line":67,"column":4},"end":{"line":72,"column":5}},"29":{"start":{"line":68,"column":6},"end":{"line":71,"column":7}},"30":{"start":{"line":69,"column":8},"end":{"line":69,"column":49}},"31":{"start":{"line":70,"column":8},"end":{"line":70,"column":14}},"32":{"start":{"line":76,"column":0},"end":{"line":91,"column":1}},"33":{"start":{"line":77,"column":2},"end":{"line":90,"column":3}},"34":{"start":{"line":78,"column":4},"end":{"line":78,"column":33}},"35":{"start":{"line":79,"column":4},"end":{"line":79,"column":42}},"36":{"start":{"line":80,"column":4},"end":{"line":80,"column":27}},"37":{"start":{"line":81,"column":4},"end":{"line":86,"column":5}},"38":{"start":{"line":82,"column":6},"end":{"line":82,"column":35}},"39":{"start":{"line":83,"column":6},"end":{"line":85,"column":7}},"40":{"start":{"line":84,"column":8},"end":{"line":84,"column":44}},"41":{"start":{"line":87,"column":4},"end":{"line":89,"column":5}},"42":{"start":{"line":88,"column":6},"end":{"line":88,"column":57}},"43":{"start":{"line":93,"column":0},"end":{"line":93,"column":41}}},"branchMap":{"1":{"line":33,"type":"cond-expr","locations":[{"start":{"line":33,"column":43},"end":{"line":33,"column":82}},{"start":{"line":33,"column":85},"end":{"line":33,"column":91}}]},"2":{"line":38,"type":"if","locations":[{"start":{"line":38,"column":2},"end":{"line":38,"column":2}},{"start":{"line":38,"column":2},"end":{"line":38,"column":2}}]},"3":{"line":45,"type":"if","locations":[{"start":{"line":45,"column":4},"end":{"line":45,"column":4}},{"start":{"line":45,"column":4},"end":{"line":45,"column":4}}]},"4":{"line":67,"type":"if","locations":[{"start":{"line":67,"column":4},"end":{"line":67,"column":4}},{"start":{"line":67,"column":4},"end":{"line":67,"column":4}}]},"5":{"line":68,"type":"if","locations":[{"start":{"line":68,"column":6},"end":{"line":68,"column":6}},{"start":{"line":68,"column":6},"end":{"line":68,"column":6}}]},"6":{"line":83,"type":"if","locations":[{"start":{"line":83,"column":6},"end":{"line":83,"column":6}},{"start":{"line":83,"column":6},"end":{"line":83,"column":6}}]},"7":{"line":87,"type":"if","locations":[{"start":{"line":87,"column":4},"end":{"line":87,"column":4}},{"start":{"line":87,"column":4},"end":{"line":87,"column":4}}]}}},"/home/travis/build/arf/java-codegen-yeoman/generator-java/generators/lib/defaults.js":{"path":"/home/travis/build/arf/java-codegen-yeoman/generator-java/generators/lib/defaults.js","s":{"1":1,"2":1,"3":1,"4":63,"5":44,"6":1,"7":63,"8":63,"9":12,"10":51,"11":51,"12":0,"13":1,"14":44,"15":44,"16":0,"17":0,"18":0,"19":1,"20":1},"b":{"1":[12,51],"2":[51,0],"3":[44,0],"4":[0,0]},"f":{"1":63,"2":44,"3":1},"fnMap":{"1":{"name":"(anonymous_1)","line":38,"loc":{"start":{"line":38,"column":22},"end":{"line":38,"column":38}}},"2":{"name":"(anonymous_2)","line":49,"loc":{"start":{"line":49,"column":23},"end":{"line":49,"column":39}}},"3":{"name":"(anonymous_3)","line":60,"loc":{"start":{"line":60,"column":13},"end":{"line":60,"column":16}}}},"statementMap":{"1":{"start":{"line":19,"column":0},"end":{"line":19,"column":58}},"2":{"start":{"line":20,"column":0},"end":{"line":20,"column":60}},"3":{"start":{"line":22,"column":0},"end":{"line":36,"column":2}},"4":{"start":{"line":33,"column":56},"end":{"line":33,"column":86}},"5":{"start":{"line":35,"column":84},"end":{"line":35,"column":115}},"6":{"start":{"line":38,"column":0},"end":{"line":47,"column":1}},"7":{"start":{"line":39,"column":2},"end":{"line":39,"column":51}},"8":{"start":{"line":40,"column":2},"end":{"line":42,"column":3}},"9":{"start":{"line":41,"column":4},"end":{"line":41,"column":29}},"10":{"start":{"line":43,"column":2},"end":{"line":45,"column":3}},"11":{"start":{"line":44,"column":4},"end":{"line":44,"column":17}},"12":{"start":{"line":46,"column":2},"end":{"line":46,"column":97}},"13":{"start":{"line":49,"column":0},"end":{"line":57,"column":1}},"14":{"start":{"line":50,"column":2},"end":{"line":52,"column":3}},"15":{"start":{"line":51,"column":4},"end":{"line":51,"column":17}},"16":{"start":{"line":53,"column":2},"end":{"line":55,"column":3}},"17":{"start":{"line":54,"column":4},"end":{"line":54,"column":14}},"18":{"start":{"line":56,"column":2},"end":{"line":56,"column":26}},"19":{"start":{"line":59,"column":0},"end":{"line":63,"column":1}},"20":{"start":{"line":61,"column":4},"end":{"line":61,"column":19}}},"branchMap":{"1":{"line":40,"type":"if","locations":[{"start":{"line":40,"column":2},"end":{"line":40,"column":2}},{"start":{"line":40,"column":2},"end":{"line":40,"column":2}}]},"2":{"line":43,"type":"if","locations":[{"start":{"line":43,"column":2},"end":{"line":43,"column":2}},{"start":{"line":43,"column":2},"end":{"line":43,"column":2}}]},"3":{"line":50,"type":"if","locations":[{"start":{"line":50,"column":2},"end":{"line":50,"column":2}},{"start":{"line":50,"column":2},"end":{"line":50,"column":2}}]},"4":{"line":53,"type":"if","locations":[{"start":{"line":53,"column":2},"end":{"line":53,"column":2}},{"start":{"line":53,"column":2},"end":{"line":53,"column":2}}]}}},"/home/travis/build/arf/java-codegen-yeoman/generator-java/generators/lib/enablementContext.js":{"path":"/home/travis/build/arf/java-codegen-yeoman/generator-java/generators/lib/enablementContext.js","s":{"1":1,"2":44,"3":12,"4":12,"5":336,"6":336,"7":336,"8":0,"9":336,"10":336,"11":336,"12":0,"13":336,"14":0,"15":12,"16":12,"17":0,"18":0,"19":0,"20":12,"21":60,"22":12,"23":336},"b":{"1":[336,0],"2":[0,336],"3":[336,0],"4":[0,336],"5":[0,336],"6":[0,12]},"f":{"1":44,"2":12,"3":12},"fnMap":{"1":{"name":"(anonymous_1)","line":21,"loc":{"start":{"line":21,"column":13},"end":{"line":21,"column":24}}},"2":{"name":"(anonymous_2)","line":26,"loc":{"start":{"line":26,"column":19},"end":{"line":26,"column":26}}},"3":{"name":"(anonymous_3)","line":48,"loc":{"start":{"line":48,"column":20},"end":{"line":48,"column":30}}}},"statementMap":{"1":{"start":{"line":20,"column":0},"end":{"line":71,"column":1}},"2":{"start":{"line":22,"column":4},"end":{"line":22,"column":29}},"3":{"start":{"line":27,"column":4},"end":{"line":27,"column":32}},"4":{"start":{"line":28,"column":4},"end":{"line":44,"column":7}},"5":{"start":{"line":29,"column":6},"end":{"line":31,"column":7}},"6":{"start":{"line":30,"column":8},"end":{"line":30,"column":56}},"7":{"start":{"line":32,"column":6},"end":{"line":34,"column":7}},"8":{"start":{"line":33,"column":8},"end":{"line":33,"column":52}},"9":{"start":{"line":35,"column":6},"end":{"line":37,"column":7}},"10":{"start":{"line":36,"column":8},"end":{"line":36,"column":54}},"11":{"start":{"line":38,"column":6},"end":{"line":40,"column":7}},"12":{"start":{"line":39,"column":8},"end":{"line":39,"column":52}},"13":{"start":{"line":41,"column":6},"end":{"line":43,"column":7}},"14":{"start":{"line":42,"column":8},"end":{"line":42,"column":74}},"15":{"start":{"line":49,"column":4},"end":{"line":49,"column":21}},"16":{"start":{"line":50,"column":4},"end":{"line":66,"column":5}},"17":{"start":{"line":51,"column":6},"end":{"line":58,"column":9}},"18":{"start":{"line":52,"column":8},"end":{"line":57,"column":10}},"19":{"start":{"line":53,"column":10},"end":{"line":56,"column":13}},"20":{"start":{"line":60,"column":6},"end":{"line":65,"column":9}},"21":{"start":{"line":61,"column":8},"end":{"line":64,"column":11}},"22":{"start":{"line":67,"column":4},"end":{"line":69,"column":7}},"23":{"start":{"line":68,"column":6},"end":{"line":68,"column":42}}},"branchMap":{"1":{"line":29,"type":"if","locations":[{"start":{"line":29,"column":6},"end":{"line":29,"column":6}},{"start":{"line":29,"column":6},"end":{"line":29,"column":6}}]},"2":{"line":32,"type":"if","locations":[{"start":{"line":32,"column":6},"end":{"line":32,"column":6}},{"start":{"line":32,"column":6},"end":{"line":32,"column":6}}]},"3":{"line":35,"type":"if","locations":[{"start":{"line":35,"column":6},"end":{"line":35,"column":6}},{"start":{"line":35,"column":6},"end":{"line":35,"column":6}}]},"4":{"line":38,"type":"if","locations":[{"start":{"line":38,"column":6},"end":{"line":38,"column":6}},{"start":{"line":38,"column":6},"end":{"line":38,"column":6}}]},"5":{"line":41,"type":"if","locations":[{"start":{"line":41,"column":6},"end":{"line":41,"column":6}},{"start":{"line":41,"column":6},"end":{"line":41,"column":6}}]},"6":{"line":50,"type":"if","locations":[{"start":{"line":50,"column":4},"end":{"line":50,"column":4}},{"start":{"line":50,"column":4},"end":{"line":50,"column":4}}]}}},"/home/travis/build/arf/java-codegen-yeoman/generator-java/generators/lib/helpers.js":{"path":"/home/travis/build/arf/java-codegen-yeoman/generator-java/generators/lib/helpers.js","s":{"1":1,"2":1,"3":1,"4":0,"5":0,"6":1,"7":522,"8":1},"b":{},"f":{"1":0,"2":522},"fnMap":{"1":{"name":"(anonymous_1)","line":22,"loc":{"start":{"line":22,"column":39},"end":{"line":22,"column":53}}},"2":{"name":"(anonymous_2)","line":28,"loc":{"start":{"line":28,"column":33},"end":{"line":28,"column":51}}}},"statementMap":{"1":{"start":{"line":18,"column":0},"end":{"line":18,"column":43}},"2":{"start":{"line":19,"column":0},"end":{"line":19,"column":37}},"3":{"start":{"line":22,"column":0},"end":{"line":25,"column":3}},"4":{"start":{"line":23,"column":2},"end":{"line":23,"column":29}},"5":{"start":{"line":24,"column":2},"end":{"line":24,"column":54}},"6":{"start":{"line":28,"column":0},"end":{"line":30,"column":3}},"7":{"start":{"line":29,"column":2},"end":{"line":29,"column":31}},"8":{"start":{"line":32,"column":0},"end":{"line":34,"column":1}}},"branchMap":{}},"/home/travis/build/arf/java-codegen-yeoman/generator-java/generators/prompts/patterns.js":{"path":"/home/travis/build/arf/java-codegen-yeoman/generator-java/generators/prompts/patterns.js","s":{"1":1,"2":1,"3":1,"4":44,"5":44,"6":1,"7":44,"8":1,"9":70,"10":70,"11":70,"12":0,"13":70,"14":0,"15":70,"16":1,"17":72,"18":14,"19":1,"20":14,"21":1},"b":{"1":[70,0],"2":[0,70]},"f":{"1":44,"2":44,"3":70,"4":72,"5":14},"fnMap":{"1":{"name":"Extension","line":23,"loc":{"start":{"line":23,"column":0},"end":{"line":23,"column":27}}},"2":{"name":"(anonymous_2)","line":28,"loc":{"start":{"line":28,"column":32},"end":{"line":28,"column":43}}},"3":{"name":"(anonymous_3)","line":36,"loc":{"start":{"line":36,"column":27},"end":{"line":36,"column":45}}},"4":{"name":"(anonymous_4)","line":50,"loc":{"start":{"line":50,"column":35},"end":{"line":50,"column":46}}},"5":{"name":"(anonymous_5)","line":106,"loc":{"start":{"line":106,"column":34},"end":{"line":106,"column":60}}}},"statementMap":{"1":{"start":{"line":19,"column":0},"end":{"line":19,"column":45}},"2":{"start":{"line":21,"column":0},"end":{"line":21,"column":36}},"3":{"start":{"line":23,"column":0},"end":{"line":26,"column":1}},"4":{"start":{"line":24,"column":2},"end":{"line":24,"column":22}},"5":{"start":{"line":25,"column":2},"end":{"line":25,"column":23}},"6":{"start":{"line":28,"column":0},"end":{"line":34,"column":1}},"7":{"start":{"line":29,"column":2},"end":{"line":33,"column":4}},"8":{"start":{"line":36,"column":0},"end":{"line":48,"column":1}},"9":{"start":{"line":37,"column":2},"end":{"line":37,"column":21}},"10":{"start":{"line":38,"column":2},"end":{"line":46,"column":3}},"11":{"start":{"line":39,"column":4},"end":{"line":43,"column":5}},"12":{"start":{"line":40,"column":6},"end":{"line":40,"column":50}},"13":{"start":{"line":42,"column":6},"end":{"line":42,"column":54}},"14":{"start":{"line":45,"column":4},"end":{"line":45,"column":52}},"15":{"start":{"line":47,"column":2},"end":{"line":47,"column":16}},"16":{"start":{"line":50,"column":0},"end":{"line":104,"column":1}},"17":{"start":{"line":51,"column":2},"end":{"line":103,"column":7}},"18":{"start":{"line":102,"column":30},"end":{"line":102,"column":52}},"19":{"start":{"line":106,"column":0},"end":{"line":108,"column":1}},"20":{"start":{"line":107,"column":2},"end":{"line":107,"column":28}},"21":{"start":{"line":110,"column":0},"end":{"line":110,"column":37}}},"branchMap":{"1":{"line":38,"type":"if","locations":[{"start":{"line":38,"column":2},"end":{"line":38,"column":2}},{"start":{"line":38,"column":2},"end":{"line":38,"column":2}}]},"2":{"line":39,"type":"if","locations":[{"start":{"line":39,"column":4},"end":{"line":39,"column":4}},{"start":{"line":39,"column":4},"end":{"line":39,"column":4}}]}}},"/home/travis/build/arf/java-codegen-yeoman/generator-java/generators/prompts/bluemix.js":{"path":"/home/travis/build/arf/java-codegen-yeoman/generator-java/generators/prompts/bluemix.js","s":{"1":1,"2":1,"3":1,"4":44,"5":44,"6":1,"7":44,"8":1,"9":28,"10":28,"11":28,"12":0,"13":28,"14":0,"15":28,"16":1,"17":72,"18":1,"19":14,"20":14,"21":14,"22":14,"23":14,"24":0,"25":14,"26":14,"27":14,"28":14,"29":16,"30":16,"31":8,"32":8,"33":8,"34":4,"35":4,"36":8,"37":4,"38":4,"39":1},"b":{"1":[28,0],"2":[0,28],"3":[0,0],"4":[28,0],"5":[14,0],"6":[14,0],"7":[0,14],"8":[14,14,0],"9":[8,8],"10":[4,4],"11":[4,0],"12":[4,4],"13":[4,0]},"f":{"1":44,"2":44,"3":28,"4":72,"5":14},"fnMap":{"1":{"name":"Extension","line":23,"loc":{"start":{"line":23,"column":0},"end":{"line":23,"column":27}}},"2":{"name":"(anonymous_2)","line":28,"loc":{"start":{"line":28,"column":32},"end":{"line":28,"column":43}}},"3":{"name":"(anonymous_3)","line":32,"loc":{"start":{"line":32,"column":27},"end":{"line":32,"column":45}}},"4":{"name":"(anonymous_4)","line":46,"loc":{"start":{"line":46,"column":35},"end":{"line":46,"column":46}}},"5":{"name":"(anonymous_5)","line":63,"loc":{"start":{"line":63,"column":34},"end":{"line":63,"column":60}}}},"statementMap":{"1":{"start":{"line":19,"column":0},"end":{"line":19,"column":45}},"2":{"start":{"line":21,"column":0},"end":{"line":21,"column":35}},"3":{"start":{"line":23,"column":0},"end":{"line":26,"column":1}},"4":{"start":{"line":24,"column":2},"end":{"line":24,"column":22}},"5":{"start":{"line":25,"column":2},"end":{"line":25,"column":23}},"6":{"start":{"line":28,"column":0},"end":{"line":30,"column":1}},"7":{"start":{"line":29,"column":2},"end":{"line":29,"column":19}},"8":{"start":{"line":32,"column":0},"end":{"line":44,"column":1}},"9":{"start":{"line":33,"column":2},"end":{"line":33,"column":21}},"10":{"start":{"line":34,"column":2},"end":{"line":42,"column":3}},"11":{"start":{"line":35,"column":4},"end":{"line":39,"column":5}},"12":{"start":{"line":36,"column":6},"end":{"line":36,"column":80}},"13":{"start":{"line":38,"column":6},"end":{"line":38,"column":84}},"14":{"start":{"line":41,"column":4},"end":{"line":41,"column":60}},"15":{"start":{"line":43,"column":2},"end":{"line":43,"column":16}},"16":{"start":{"line":46,"column":0},"end":{"line":61,"column":1}},"17":{"start":{"line":47,"column":2},"end":{"line":60,"column":5}},"18":{"start":{"line":63,"column":0},"end":{"line":123,"column":1}},"19":{"start":{"line":65,"column":2},"end":{"line":67,"column":3}},"20":{"start":{"line":66,"column":4},"end":{"line":66,"column":50}},"21":{"start":{"line":68,"column":2},"end":{"line":68,"column":28}},"22":{"start":{"line":70,"column":2},"end":{"line":122,"column":3}},"23":{"start":{"line":71,"column":4},"end":{"line":73,"column":5}},"24":{"start":{"line":72,"column":6},"end":{"line":72,"column":26}},"25":{"start":{"line":74,"column":4},"end":{"line":74,"column":74}},"26":{"start":{"line":75,"column":4},"end":{"line":79,"column":5}},"27":{"start":{"line":80,"column":4},"end":{"line":80,"column":54}},"28":{"start":{"line":81,"column":4},"end":{"line":121,"column":5}},"29":{"start":{"line":82,"column":6},"end":{"line":82,"column":40}},"30":{"start":{"line":83,"column":6},"end":{"line":86,"column":7}},"31":{"start":{"line":84,"column":8},"end":{"line":84,"column":35}},"32":{"start":{"line":85,"column":8},"end":{"line":85,"column":14}},"33":{"start":{"line":87,"column":6},"end":{"line":102,"column":7}},"34":{"start":{"line":88,"column":8},"end":{"line":101,"column":9}},"35":{"start":{"line":89,"column":10},"end":{"line":100,"column":12}},"36":{"start":{"line":103,"column":6},"end":{"line":120,"column":7}},"37":{"start":{"line":104,"column":8},"end":{"line":119,"column":9}},"38":{"start":{"line":105,"column":10},"end":{"line":118,"column":12}},"39":{"start":{"line":125,"column":0},"end":{"line":125,"column":37}}},"branchMap":{"1":{"line":34,"type":"if","locations":[{"start":{"line":34,"column":2},"end":{"line":34,"column":2}},{"start":{"line":34,"column":2},"end":{"line":34,"column":2}}]},"2":{"line":35,"type":"if","locations":[{"start":{"line":35,"column":4},"end":{"line":35,"column":4}},{"start":{"line":35,"column":4},"end":{"line":35,"column":4}}]},"3":{"line":36,"type":"binary-expr","locations":[{"start":{"line":36,"column":16},"end":{"line":36,"column":56}},{"start":{"line":36,"column":60},"end":{"line":36,"column":78}}]},"4":{"line":38,"type":"binary-expr","locations":[{"start":{"line":38,"column":16},"end":{"line":38,"column":60}},{"start":{"line":38,"column":64},"end":{"line":38,"column":82}}]},"5":{"line":65,"type":"if","locations":[{"start":{"line":65,"column":2},"end":{"line":65,"column":2}},{"start":{"line":65,"column":2},"end":{"line":65,"column":2}}]},"6":{"line":70,"type":"if","locations":[{"start":{"line":70,"column":2},"end":{"line":70,"column":2}},{"start":{"line":70,"column":2},"end":{"line":70,"column":2}}]},"7":{"line":71,"type":"if","locations":[{"start":{"line":71,"column":4},"end":{"line":71,"column":4}},{"start":{"line":71,"column":4},"end":{"line":71,"column":4}}]},"8":{"line":76,"type":"binary-expr","locations":[{"start":{"line":76,"column":13},"end":{"line":76,"column":28}},{"start":{"line":76,"column":32},"end":{"line":76,"column":46}},{"start":{"line":76,"column":50},"end":{"line":76,"column":62}}]},"9":{"line":83,"type":"if","locations":[{"start":{"line":83,"column":6},"end":{"line":83,"column":6}},{"start":{"line":83,"column":6},"end":{"line":83,"column":6}}]},"10":{"line":87,"type":"if","locations":[{"start":{"line":87,"column":6},"end":{"line":87,"column":6}},{"start":{"line":87,"column":6},"end":{"line":87,"column":6}}]},"11":{"line":88,"type":"if","locations":[{"start":{"line":88,"column":8},"end":{"line":88,"column":8}},{"start":{"line":88,"column":8},"end":{"line":88,"column":8}}]},"12":{"line":103,"type":"if","locations":[{"start":{"line":103,"column":6},"end":{"line":103,"column":6}},{"start":{"line":103,"column":6},"end":{"line":103,"column":6}}]},"13":{"line":104,"type":"if","locations":[{"start":{"line":104,"column":8},"end":{"line":104,"column":8}},{"start":{"line":104,"column":8},"end":{"line":104,"column":8}}]}}}}