TN:
SF:/home/travis/build/arf/java-codegen-yeoman/generator-java/generators/app/index.js
FN:43,(anonymous_1)
FN:53,(anonymous_2)
FN:76,(anonymous_3)
FN:87,(anonymous_4)
FN:97,(anonymous_5)
FN:119,(anonymous_6)
FN:159,(anonymous_7)
FN:171,(anonymous_8)
FN:203,(anonymous_9)
FNF:9
FNH:9
FNDA:44,(anonymous_1)
FNDA:44,(anonymous_2)
FNDA:44,(anonymous_3)
FNDA:88,(anonymous_4)
FNDA:44,(anonymous_5)
FNDA:44,(anonymous_6)
FNDA:44,(anonymous_7)
FNDA:44,(anonymous_8)
FNDA:44,(anonymous_9)
DA:17,1
DA:18,1
DA:19,1
DA:20,1
DA:22,1
DA:23,1
DA:24,1
DA:26,1
DA:27,1
DA:28,1
DA:29,1
DA:30,1
DA:31,1
DA:32,1
DA:34,1
DA:35,1
DA:36,1
DA:37,1
DA:38,1
DA:39,1
DA:41,1
DA:44,44
DA:47,44
DA:48,44
DA:49,44
DA:54,44
DA:55,44
DA:56,44
DA:57,44
DA:58,44
DA:60,44
DA:61,44
DA:64,44
DA:65,44
DA:67,44
DA:68,44
DA:69,44
DA:70,44
DA:71,44
DA:72,44
DA:73,44
DA:77,44
DA:78,44
DA:79,44
DA:80,44
DA:81,44
DA:82,44
DA:83,44
DA:84,44
DA:88,88
DA:89,88
DA:90,88
DA:91,88
DA:92,88
DA:93,88
DA:94,88
DA:98,44
DA:99,14
DA:100,14
DA:101,14
DA:102,14
DA:103,14
DA:104,14
DA:105,210
DA:107,14
DA:108,210
DA:109,196
DA:111,14
DA:113,210
DA:120,44
DA:121,44
DA:122,44
DA:123,44
DA:127,44
DA:128,44
DA:129,5
DA:131,39
DA:134,44
DA:135,44
DA:136,44
DA:137,44
DA:138,44
DA:139,44
DA:140,1980
DA:141,1980
DA:142,1980
DA:143,1980
DA:144,1980
DA:145,1980
DA:147,1980
DA:148,1980
DA:150,1980
DA:152,44
DA:153,1980
DA:154,1980
DA:156,44
DA:160,44
DA:161,44
DA:162,0
DA:163,0
DA:164,0
DA:168,44
DA:172,44
DA:173,44
DA:175,44
DA:177,0
DA:178,0
DA:180,44
DA:182,0
DA:183,0
DA:185,44
DA:186,0
DA:189,44
DA:190,44
DA:191,195
DA:192,195
DA:193,195
DA:194,195
DA:195,195
DA:196,195
DA:198,0
DA:204,44
DA:205,44
DA:206,44
DA:207,44
LF:125
LH:116
BRDA:64,1,0,44
BRDA:64,1,1,0
BRDA:65,2,0,44
BRDA:65,2,1,39
BRDA:98,3,0,14
BRDA:98,3,1,30
BRDA:108,4,0,196
BRDA:108,4,1,14
BRDA:122,5,0,12
BRDA:122,5,1,32
BRDA:128,6,0,5
BRDA:128,6,1,39
BRDA:128,7,0,44
BRDA:128,7,1,42
BRDA:144,8,0,1980
BRDA:144,8,1,0
BRDA:147,9,0,1980
BRDA:147,9,1,0
BRDA:161,10,0,0
BRDA:161,10,1,44
BRDA:162,11,0,0
BRDA:162,11,1,0
BRDA:163,12,0,0
BRDA:163,12,1,0
BRDA:175,13,0,0
BRDA:175,13,1,44
BRDA:180,14,0,0
BRDA:180,14,1,44
BRDA:185,15,0,0
BRDA:185,15,1,44
BRDA:204,16,0,44
BRDA:204,16,1,0
BRF:32
BRH:20
end_of_record
TN:
SF:/home/travis/build/arf/java-codegen-yeoman/generator-java/generators/lib/promptmgr.js
FN:19,PromptManager
FN:31,(anonymous_2)
FN:55,(anonymous_3)
FN:65,(anonymous_4)
FN:76,(anonymous_5)
FNF:5
FNH:4
FNDA:44,PromptManager
FNDA:176,(anonymous_2)
FNDA:14,(anonymous_3)
FNDA:0,(anonymous_4)
FNDA:14,(anonymous_5)
DA:19,1
DA:20,44
DA:21,44
DA:22,44
DA:28,44
DA:31,1
DA:33,176
DA:34,176
DA:35,176
DA:37,176
DA:38,176
DA:39,132
DA:43,176
DA:44,176
DA:45,968
DA:46,0
DA:47,0
DA:49,0
DA:52,176
DA:55,1
DA:56,14
DA:57,14
DA:58,14
DA:59,56
DA:61,14
DA:65,1
DA:66,0
DA:67,0
DA:68,0
DA:69,0
DA:70,0
DA:76,1
DA:77,14
DA:78,56
DA:79,56
DA:80,56
DA:81,56
DA:82,308
DA:83,308
DA:84,238
DA:87,56
DA:88,56
DA:93,1
LF:43
LH:35
BRDA:33,1,0,88
BRDA:33,1,1,88
BRDA:38,2,0,132
BRDA:38,2,1,44
BRDA:45,3,0,0
BRDA:45,3,1,968
BRDA:67,4,0,0
BRDA:67,4,1,0
BRDA:68,5,0,0
BRDA:68,5,1,0
BRDA:83,6,0,238
BRDA:83,6,1,70
BRDA:87,7,0,56
BRDA:87,7,1,0
BRF:14
BRH:8
end_of_record
TN:
SF:/home/travis/build/arf/java-codegen-yeoman/generator-java/generators/lib/defaults.js
FN:38,(anonymous_1)
FN:49,(anonymous_2)
FN:60,(anonymous_3)
FNF:3
FNH:3
FNDA:132,(anonymous_1)
FNDA:44,(anonymous_2)
FNDA:1,(anonymous_3)
DA:19,1
DA:20,1
DA:22,1
DA:33,132
DA:35,44
DA:38,1
DA:39,132
DA:40,132
DA:41,12
DA:43,120
DA:44,120
DA:46,0
DA:49,1
DA:50,44
DA:51,44
DA:53,0
DA:54,0
DA:56,0
DA:59,1
DA:61,1
LF:20
LH:16
BRDA:40,1,0,12
BRDA:40,1,1,120
BRDA:43,2,0,120
BRDA:43,2,1,0
BRDA:50,3,0,44
BRDA:50,3,1,0
BRDA:53,4,0,0
BRDA:53,4,1,0
BRF:8
BRH:4
end_of_record
TN:
SF:/home/travis/build/arf/java-codegen-yeoman/generator-java/generators/lib/enablementContext.js
FN:21,(anonymous_1)
FN:26,(anonymous_2)
FN:48,(anonymous_3)
FNF:3
FNH:3
FNDA:44,(anonymous_1)
FNDA:12,(anonymous_2)
FNDA:12,(anonymous_3)
DA:20,1
DA:22,44
DA:27,12
DA:28,12
DA:29,336
DA:30,336
DA:32,336
DA:33,0
DA:35,336
DA:36,336
DA:38,336
DA:39,0
DA:41,336
DA:42,0
DA:49,12
DA:50,12
DA:51,0
DA:52,0
DA:53,0
DA:60,12
DA:61,60
DA:67,12
DA:68,336
LF:23
LH:17
BRDA:29,1,0,336
BRDA:29,1,1,0
BRDA:32,2,0,0
BRDA:32,2,1,336
BRDA:35,3,0,336
BRDA:35,3,1,0
BRDA:38,4,0,0
BRDA:38,4,1,336
BRDA:41,5,0,0
BRDA:41,5,1,336
BRDA:50,6,0,0
BRDA:50,6,1,12
BRF:12
BRH:6
end_of_record
TN:
SF:/home/travis/build/arf/java-codegen-yeoman/generator-java/generators/lib/helpers.js
FN:22,(anonymous_1)
FN:28,(anonymous_2)
FNF:2
FNH:0
FNDA:0,(anonymous_1)
FNDA:0,(anonymous_2)
DA:18,1
DA:19,1
DA:22,1
DA:23,0
DA:24,0
DA:28,1
DA:29,0
DA:32,1
LF:8
LH:5
BRF:0
BRH:0
end_of_record
TN:
SF:/home/travis/build/arf/java-codegen-yeoman/generator-java/generators/prompts/patterns.js
FN:23,Extension
FN:28,(anonymous_2)
FN:36,(anonymous_3)
FN:50,(anonymous_4)
FN:110,(anonymous_5)
FNF:5
FNH:5
FNDA:44,Extension
FNDA:44,(anonymous_2)
FNDA:70,(anonymous_3)
FNDA:72,(anonymous_4)
FNDA:14,(anonymous_5)
DA:19,1
DA:21,1
DA:23,1
DA:24,44
DA:25,44
DA:28,1
DA:29,44
DA:36,1
DA:37,70
DA:38,70
DA:39,70
DA:40,0
DA:42,70
DA:45,0
DA:47,70
DA:50,1
DA:51,72
DA:106,14
DA:110,1
DA:111,14
DA:114,1
LF:21
LH:19
BRDA:38,1,0,70
BRDA:38,1,1,0
BRDA:39,2,0,0
BRDA:39,2,1,70
BRF:4
BRH:2
end_of_record
TN:
SF:/home/travis/build/arf/java-codegen-yeoman/generator-java/generators/prompts/bluemix.js
FN:23,Extension
FN:28,(anonymous_2)
FN:32,(anonymous_3)
FN:46,(anonymous_4)
FN:63,(anonymous_5)
FNF:5
FNH:5
FNDA:44,Extension
FNDA:44,(anonymous_2)
FNDA:28,(anonymous_3)
FNDA:72,(anonymous_4)
FNDA:14,(anonymous_5)
DA:19,1
DA:21,1
DA:23,1
DA:24,44
DA:25,44
DA:28,1
DA:29,44
DA:32,1
DA:33,28
DA:34,28
DA:35,28
DA:36,0
DA:38,28
DA:41,0
DA:43,28
DA:46,1
DA:47,72
DA:63,1
DA:65,14
DA:66,14
DA:68,14
DA:70,14
DA:71,14
DA:72,0
DA:74,14
DA:75,14
DA:80,14
DA:81,14
DA:82,16
DA:83,16
DA:84,8
DA:85,8
DA:87,8
DA:88,4
DA:89,4
DA:103,8
DA:104,4
DA:105,4
DA:125,1
LF:39
LH:36
BRDA:34,1,0,28
BRDA:34,1,1,0
BRDA:35,2,0,0
BRDA:35,2,1,28
BRDA:36,3,0,0
BRDA:36,3,1,0
BRDA:38,4,0,28
BRDA:38,4,1,0
BRDA:65,5,0,14
BRDA:65,5,1,0
BRDA:70,6,0,14
BRDA:70,6,1,0
BRDA:71,7,0,0
BRDA:71,7,1,14
BRDA:76,8,0,14
BRDA:76,8,1,14
BRDA:76,8,2,0
BRDA:83,9,0,8
BRDA:83,9,1,8
BRDA:87,10,0,4
BRDA:87,10,1,4
BRDA:88,11,0,4
BRDA:88,11,1,0
BRDA:103,12,0,4
BRDA:103,12,1,4
BRDA:104,13,0,4
BRDA:104,13,1,0
BRF:27
BRH:16
end_of_record
