{"/home/travis/build/arf/java-codegen-yeoman/generator-java/generators/app/index.js":{"path":"/home/travis/build/arf/java-codegen-yeoman/generator-java/generators/app/index.js","s":{"1":1,"2":1,"3":1,"4":1,"5":1,"6":1,"7":1,"8":1,"9":1,"10":1,"11":1,"12":26,"13":442,"14":338,"15":241,"16":1,"17":10,"18":10,"19":0,"20":0,"21":0,"22":1,"23":1,"24":1,"25":26,"26":26,"27":26,"28":26,"29":26,"30":26,"31":26,"32":26,"33":26,"34":26,"35":26,"36":10,"37":26,"38":26,"39":26,"40":26,"41":26,"42":26,"43":26,"44":26,"45":26,"46":26,"47":26,"48":26,"49":26,"50":26,"51":52,"52":22,"53":30,"54":26,"55":26,"56":26,"57":26,"58":26,"59":26,"60":26,"61":26,"62":26,"63":0,"64":0,"65":26,"66":26,"67":26,"68":26,"69":26,"70":26,"71":26,"72":617,"73":617,"74":617,"75":617,"76":617,"77":617,"78":0,"79":26,"80":26,"81":26,"82":26},"b":{"1":[338,104],"2":[241,97],"3":[10,0],"4":[0,0],"5":[22,30],"6":[11,15],"7":[0,26],"8":[26,0]},"f":{"1":26,"2":10,"3":26,"4":26,"5":52,"6":26,"7":26,"8":26},"fnMap":{"1":{"name":"(anonymous_1)","line":29,"loc":{"start":{"line":29,"column":12},"end":{"line":29,"column":31}}},"2":{"name":"(anonymous_2)","line":39,"loc":{"start":{"line":39,"column":15},"end":{"line":39,"column":31}}},"3":{"name":"(anonymous_3)","line":54,"loc":{"start":{"line":54,"column":13},"end":{"line":54,"column":26}}},"4":{"name":"(anonymous_4)","line":72,"loc":{"start":{"line":72,"column":14},"end":{"line":72,"column":17}}},"5":{"name":"(anonymous_5)","line":90,"loc":{"start":{"line":90,"column":17},"end":{"line":90,"column":20}}},"6":{"name":"(anonymous_6)","line":99,"loc":{"start":{"line":99,"column":11},"end":{"line":99,"column":14}}},"7":{"name":"(anonymous_7)","line":109,"loc":{"start":{"line":109,"column":9},"end":{"line":109,"column":12}}},"8":{"name":"(anonymous_8)","line":136,"loc":{"start":{"line":136,"column":5},"end":{"line":136,"column":8}}}},"statementMap":{"1":{"start":{"line":17,"column":0},"end":{"line":17,"column":44}},"2":{"start":{"line":18,"column":0},"end":{"line":18,"column":39}},"3":{"start":{"line":19,"column":0},"end":{"line":19,"column":38}},"4":{"start":{"line":20,"column":0},"end":{"line":20,"column":46}},"5":{"start":{"line":21,"column":0},"end":{"line":21,"column":40}},"6":{"start":{"line":22,"column":0},"end":{"line":22,"column":29}},"7":{"start":{"line":23,"column":0},"end":{"line":23,"column":35}},"8":{"start":{"line":24,"column":0},"end":{"line":24,"column":23}},"9":{"start":{"line":25,"column":0},"end":{"line":25,"column":40}},"10":{"start":{"line":26,"column":0},"end":{"line":26,"column":44}},"11":{"start":{"line":29,"column":0},"end":{"line":37,"column":1}},"12":{"start":{"line":30,"column":2},"end":{"line":36,"column":3}},"13":{"start":{"line":31,"column":4},"end":{"line":35,"column":5}},"14":{"start":{"line":32,"column":8},"end":{"line":34,"column":9}},"15":{"start":{"line":33,"column":10},"end":{"line":33,"column":32}},"16":{"start":{"line":39,"column":0},"end":{"line":47,"column":1}},"17":{"start":{"line":40,"column":2},"end":{"line":42,"column":3}},"18":{"start":{"line":41,"column":4},"end":{"line":41,"column":29}},"19":{"start":{"line":43,"column":2},"end":{"line":45,"column":3}},"20":{"start":{"line":44,"column":4},"end":{"line":44,"column":17}},"21":{"start":{"line":46,"column":2},"end":{"line":46,"column":15}},"22":{"start":{"line":49,"column":0},"end":{"line":49,"column":26}},"23":{"start":{"line":50,"column":0},"end":{"line":50,"column":26}},"24":{"start":{"line":52,"column":0},"end":{"line":144,"column":2}},"25":{"start":{"line":55,"column":4},"end":{"line":55,"column":22}},"26":{"start":{"line":58,"column":4},"end":{"line":58,"column":95}},"27":{"start":{"line":59,"column":4},"end":{"line":59,"column":105}},"28":{"start":{"line":60,"column":4},"end":{"line":60,"column":108}},"29":{"start":{"line":61,"column":4},"end":{"line":61,"column":106}},"30":{"start":{"line":62,"column":4},"end":{"line":62,"column":111}},"31":{"start":{"line":63,"column":4},"end":{"line":63,"column":108}},"32":{"start":{"line":64,"column":4},"end":{"line":64,"column":107}},"33":{"start":{"line":65,"column":4},"end":{"line":65,"column":144}},"34":{"start":{"line":66,"column":4},"end":{"line":66,"column":122}},"35":{"start":{"line":67,"column":4},"end":{"line":67,"column":119}},"36":{"start":{"line":67,"column":71},"end":{"line":67,"column":94}},"37":{"start":{"line":68,"column":4},"end":{"line":68,"column":108}},"38":{"start":{"line":69,"column":4},"end":{"line":69,"column":47}},"39":{"start":{"line":73,"column":4},"end":{"line":73,"column":26}},"40":{"start":{"line":74,"column":4},"end":{"line":74,"column":38}},"41":{"start":{"line":76,"column":4},"end":{"line":76,"column":28}},"42":{"start":{"line":77,"column":4},"end":{"line":77,"column":29}},"43":{"start":{"line":78,"column":4},"end":{"line":78,"column":30}},"44":{"start":{"line":79,"column":4},"end":{"line":79,"column":29}},"45":{"start":{"line":80,"column":4},"end":{"line":80,"column":50}},"46":{"start":{"line":82,"column":4},"end":{"line":82,"column":32}},"47":{"start":{"line":84,"column":4},"end":{"line":84,"column":44}},"48":{"start":{"line":85,"column":4},"end":{"line":85,"column":46}},"49":{"start":{"line":86,"column":4},"end":{"line":86,"column":27}},"50":{"start":{"line":87,"column":4},"end":{"line":87,"column":40}},"51":{"start":{"line":92,"column":4},"end":{"line":96,"column":5}},"52":{"start":{"line":93,"column":6},"end":{"line":93,"column":66}},"53":{"start":{"line":95,"column":6},"end":{"line":95,"column":96}},"54":{"start":{"line":100,"column":4},"end":{"line":100,"column":82}},"55":{"start":{"line":101,"column":4},"end":{"line":106,"column":7}},"56":{"start":{"line":102,"column":6},"end":{"line":102,"column":44}},"57":{"start":{"line":103,"column":6},"end":{"line":103,"column":45}},"58":{"start":{"line":104,"column":6},"end":{"line":104,"column":29}},"59":{"start":{"line":105,"column":6},"end":{"line":105,"column":58}},"60":{"start":{"line":110,"column":4},"end":{"line":110,"column":60}},"61":{"start":{"line":111,"column":4},"end":{"line":111,"column":58}},"62":{"start":{"line":112,"column":4},"end":{"line":116,"column":5}},"63":{"start":{"line":114,"column":6},"end":{"line":114,"column":79}},"64":{"start":{"line":115,"column":6},"end":{"line":115,"column":36}},"65":{"start":{"line":117,"column":4},"end":{"line":117,"column":45}},"66":{"start":{"line":118,"column":4},"end":{"line":118,"column":66}},"67":{"start":{"line":119,"column":4},"end":{"line":119,"column":96}},"68":{"start":{"line":120,"column":4},"end":{"line":120,"column":47}},"69":{"start":{"line":121,"column":4},"end":{"line":121,"column":46}},"70":{"start":{"line":122,"column":4},"end":{"line":122,"column":43}},"71":{"start":{"line":123,"column":4},"end":{"line":133,"column":7}},"72":{"start":{"line":124,"column":6},"end":{"line":124,"column":55}},"73":{"start":{"line":125,"column":6},"end":{"line":125,"column":52}},"74":{"start":{"line":126,"column":6},"end":{"line":132,"column":7}},"75":{"start":{"line":127,"column":8},"end":{"line":127,"column":60}},"76":{"start":{"line":128,"column":8},"end":{"line":128,"column":46}},"77":{"start":{"line":129,"column":8},"end":{"line":129,"column":39}},"78":{"start":{"line":131,"column":8},"end":{"line":131,"column":75}},"79":{"start":{"line":137,"column":4},"end":{"line":141,"column":5}},"80":{"start":{"line":138,"column":6},"end":{"line":138,"column":77}},"81":{"start":{"line":139,"column":6},"end":{"line":139,"column":49}},"82":{"start":{"line":140,"column":6},"end":{"line":140,"column":36}}},"branchMap":{"1":{"line":31,"type":"if","locations":[{"start":{"line":31,"column":4},"end":{"line":31,"column":4}},{"start":{"line":31,"column":4},"end":{"line":31,"column":4}}]},"2":{"line":32,"type":"if","locations":[{"start":{"line":32,"column":8},"end":{"line":32,"column":8}},{"start":{"line":32,"column":8},"end":{"line":32,"column":8}}]},"3":{"line":40,"type":"if","locations":[{"start":{"line":40,"column":2},"end":{"line":40,"column":2}},{"start":{"line":40,"column":2},"end":{"line":40,"column":2}}]},"4":{"line":43,"type":"if","locations":[{"start":{"line":43,"column":2},"end":{"line":43,"column":2}},{"start":{"line":43,"column":2},"end":{"line":43,"column":2}}]},"5":{"line":92,"type":"if","locations":[{"start":{"line":92,"column":4},"end":{"line":92,"column":4}},{"start":{"line":92,"column":4},"end":{"line":92,"column":4}}]},"6":{"line":100,"type":"cond-expr","locations":[{"start":{"line":100,"column":52},"end":{"line":100,"column":54}},{"start":{"line":100,"column":57},"end":{"line":100,"column":81}}]},"7":{"line":112,"type":"if","locations":[{"start":{"line":112,"column":4},"end":{"line":112,"column":4}},{"start":{"line":112,"column":4},"end":{"line":112,"column":4}}]},"8":{"line":137,"type":"if","locations":[{"start":{"line":137,"column":4},"end":{"line":137,"column":4}},{"start":{"line":137,"column":4},"end":{"line":137,"column":4}}]}}},"/home/travis/build/arf/java-codegen-yeoman/generator-java/generators/lib/config.js":{"path":"/home/travis/build/arf/java-codegen-yeoman/generator-java/generators/lib/config.js","s":{"1":1,"2":1,"3":1,"4":1,"5":1,"6":1,"7":1,"8":27,"9":1,"10":26,"11":26,"12":0,"13":26,"14":26,"15":0,"16":26,"17":26,"18":0,"19":26,"20":1,"21":27,"22":27,"23":27,"24":27,"25":27,"26":27,"27":27,"28":27,"29":27,"30":27,"31":27,"32":27,"33":27,"34":1,"35":26,"36":176,"37":176,"38":49,"39":26,"40":49,"41":49,"42":49,"43":49,"44":49,"45":82,"46":1,"47":82,"48":282,"49":282,"50":227,"51":55,"52":1},"b":{"1":[0,26],"2":[26,26,26],"3":[0,26],"4":[26,26],"5":[0,26],"6":[26,26],"7":[49,127],"8":[227,55]},"f":{"1":27,"2":26,"3":27,"4":26,"5":82},"fnMap":{"1":{"name":"Config","line":27,"loc":{"start":{"line":27,"column":0},"end":{"line":27,"column":18}}},"2":{"name":"(anonymous_2)","line":31,"loc":{"start":{"line":31,"column":27},"end":{"line":31,"column":38}}},"3":{"name":"(anonymous_3)","line":41,"loc":{"start":{"line":41,"column":25},"end":{"line":41,"column":36}}},"4":{"name":"(anonymous_4)","line":57,"loc":{"start":{"line":57,"column":34},"end":{"line":57,"column":50}}},"5":{"name":"(anonymous_5)","line":75,"loc":{"start":{"line":75,"column":32},"end":{"line":75,"column":63}}}},"statementMap":{"1":{"start":{"line":19,"column":0},"end":{"line":19,"column":23}},"2":{"start":{"line":20,"column":0},"end":{"line":20,"column":29}},"3":{"start":{"line":21,"column":0},"end":{"line":21,"column":39}},"4":{"start":{"line":23,"column":0},"end":{"line":23,"column":52}},"5":{"start":{"line":24,"column":0},"end":{"line":24,"column":60}},"6":{"start":{"line":25,"column":0},"end":{"line":25,"column":32}},"7":{"start":{"line":27,"column":0},"end":{"line":29,"column":1}},"8":{"start":{"line":28,"column":2},"end":{"line":28,"column":15}},"9":{"start":{"line":31,"column":0},"end":{"line":39,"column":1}},"10":{"start":{"line":32,"column":2},"end":{"line":32,"column":27}},"11":{"start":{"line":33,"column":2},"end":{"line":33,"column":78}},"12":{"start":{"line":33,"column":65},"end":{"line":33,"column":78}},"13":{"start":{"line":34,"column":2},"end":{"line":34,"column":26}},"14":{"start":{"line":35,"column":2},"end":{"line":35,"column":62}},"15":{"start":{"line":35,"column":49},"end":{"line":35,"column":62}},"16":{"start":{"line":36,"column":2},"end":{"line":36,"column":23}},"17":{"start":{"line":37,"column":2},"end":{"line":37,"column":62}},"18":{"start":{"line":37,"column":49},"end":{"line":37,"column":62}},"19":{"start":{"line":38,"column":2},"end":{"line":38,"column":14}},"20":{"start":{"line":41,"column":0},"end":{"line":55,"column":1}},"21":{"start":{"line":42,"column":2},"end":{"line":42,"column":36}},"22":{"start":{"line":43,"column":2},"end":{"line":43,"column":27}},"23":{"start":{"line":44,"column":2},"end":{"line":44,"column":33}},"24":{"start":{"line":45,"column":2},"end":{"line":45,"column":27}},"25":{"start":{"line":46,"column":2},"end":{"line":46,"column":23}},"26":{"start":{"line":47,"column":2},"end":{"line":47,"column":26}},"27":{"start":{"line":48,"column":2},"end":{"line":48,"column":27}},"28":{"start":{"line":49,"column":2},"end":{"line":49,"column":23}},"29":{"start":{"line":50,"column":2},"end":{"line":50,"column":38}},"30":{"start":{"line":51,"column":2},"end":{"line":51,"column":27}},"31":{"start":{"line":52,"column":2},"end":{"line":52,"column":25}},"32":{"start":{"line":53,"column":2},"end":{"line":53,"column":25}},"33":{"start":{"line":54,"column":2},"end":{"line":54,"column":24}},"34":{"start":{"line":57,"column":0},"end":{"line":73,"column":1}},"35":{"start":{"line":58,"column":2},"end":{"line":63,"column":3}},"36":{"start":{"line":59,"column":4},"end":{"line":59,"column":53}},"37":{"start":{"line":60,"column":4},"end":{"line":62,"column":5}},"38":{"start":{"line":61,"column":6},"end":{"line":61,"column":34}},"39":{"start":{"line":64,"column":2},"end":{"line":72,"column":3}},"40":{"start":{"line":65,"column":4},"end":{"line":65,"column":64}},"41":{"start":{"line":66,"column":4},"end":{"line":66,"column":56}},"42":{"start":{"line":67,"column":4},"end":{"line":67,"column":40}},"43":{"start":{"line":68,"column":4},"end":{"line":68,"column":47}},"44":{"start":{"line":69,"column":4},"end":{"line":71,"column":5}},"45":{"start":{"line":70,"column":6},"end":{"line":70,"column":44}},"46":{"start":{"line":75,"column":0},"end":{"line":84,"column":1}},"47":{"start":{"line":76,"column":2},"end":{"line":83,"column":3}},"48":{"start":{"line":77,"column":4},"end":{"line":77,"column":41}},"49":{"start":{"line":78,"column":4},"end":{"line":82,"column":5}},"50":{"start":{"line":79,"column":6},"end":{"line":79,"column":37}},"51":{"start":{"line":81,"column":6},"end":{"line":81,"column":35}},"52":{"start":{"line":86,"column":0},"end":{"line":86,"column":34}}},"branchMap":{"1":{"line":33,"type":"if","locations":[{"start":{"line":33,"column":2},"end":{"line":33,"column":2}},{"start":{"line":33,"column":2},"end":{"line":33,"column":2}}]},"2":{"line":33,"type":"binary-expr","locations":[{"start":{"line":33,"column":5},"end":{"line":33,"column":11}},{"start":{"line":33,"column":15},"end":{"line":33,"column":40}},{"start":{"line":33,"column":45},"end":{"line":33,"column":62}}]},"3":{"line":35,"type":"if","locations":[{"start":{"line":35,"column":2},"end":{"line":35,"column":2}},{"start":{"line":35,"column":2},"end":{"line":35,"column":2}}]},"4":{"line":35,"type":"binary-expr","locations":[{"start":{"line":35,"column":5},"end":{"line":35,"column":11}},{"start":{"line":35,"column":15},"end":{"line":35,"column":47}}]},"5":{"line":37,"type":"if","locations":[{"start":{"line":37,"column":2},"end":{"line":37,"column":2}},{"start":{"line":37,"column":2},"end":{"line":37,"column":2}}]},"6":{"line":37,"type":"binary-expr","locations":[{"start":{"line":37,"column":5},"end":{"line":37,"column":11}},{"start":{"line":37,"column":15},"end":{"line":37,"column":47}}]},"7":{"line":60,"type":"if","locations":[{"start":{"line":60,"column":4},"end":{"line":60,"column":4}},{"start":{"line":60,"column":4},"end":{"line":60,"column":4}}]},"8":{"line":78,"type":"if","locations":[{"start":{"line":78,"column":4},"end":{"line":78,"column":4}},{"start":{"line":78,"column":4},"end":{"line":78,"column":4}}]}}},"/home/travis/build/arf/java-codegen-yeoman/generator-java/generators/lib/fsprocessor.js":{"path":"/home/travis/build/arf/java-codegen-yeoman/generator-java/generators/lib/fsprocessor.js","s":{"1":1,"2":1,"3":1,"4":1,"5":1,"6":1,"7":1,"8":687,"9":687,"10":687,"11":0,"12":0,"13":0,"14":0,"15":687,"16":687,"17":1248,"18":1248,"19":1248,"20":511,"21":511,"22":737,"23":737,"24":737,"25":0,"26":0,"27":0,"28":0,"29":737,"30":643,"31":643,"32":643,"33":643,"34":617,"35":737,"36":737,"37":1,"38":26,"39":26,"40":26,"41":26,"42":737,"43":2587,"44":0,"45":2587,"46":2587,"47":7299,"48":7299,"49":711,"50":26,"51":1,"52":26,"53":0,"54":26,"55":0,"56":26,"57":0,"58":26,"59":26,"60":26,"61":176,"62":176,"63":26,"64":26,"65":26,"66":26,"67":176,"68":26,"69":1,"70":0,"71":0,"72":0,"73":0,"74":0,"75":0,"76":0,"77":0,"78":0,"79":0,"80":0,"81":0,"82":0,"83":0,"84":0,"85":1},"b":{"1":[0,687],"2":[511,737],"3":[0,737],"4":[94,643],"5":[737,692],"6":[643,0],"7":[617,26],"8":[0,2587],"9":[7299,0],"10":[711,6588],"11":[7299,7296],"12":[0,26],"13":[0,26],"14":[0,26],"15":[0,0],"16":[0,0]},"f":{"1":687,"2":26,"3":737,"4":26,"5":0},"fnMap":{"1":{"name":"(anonymous_1)","line":30,"loc":{"start":{"line":30,"column":14},"end":{"line":30,"column":48}}},"2":{"name":"Resolver","line":80,"loc":{"start":{"line":80,"column":0},"end":{"line":80,"column":20}}},"3":{"name":"(anonymous_3)","line":84,"loc":{"start":{"line":84,"column":20},"end":{"line":84,"column":31}}},"4":{"name":"(anonymous_4)","line":105,"loc":{"start":{"line":105,"column":16},"end":{"line":105,"column":37}}},"5":{"name":"(anonymous_5)","line":139,"loc":{"start":{"line":139,"column":22},"end":{"line":139,"column":38}}}},"statementMap":{"1":{"start":{"line":21,"column":0},"end":{"line":21,"column":23}},"2":{"start":{"line":22,"column":0},"end":{"line":22,"column":29}},"3":{"start":{"line":23,"column":0},"end":{"line":23,"column":35}},"4":{"start":{"line":24,"column":0},"end":{"line":24,"column":30}},"5":{"start":{"line":26,"column":0},"end":{"line":26,"column":15}},"6":{"start":{"line":27,"column":0},"end":{"line":27,"column":11}},"7":{"start":{"line":30,"column":0},"end":{"line":77,"column":1}},"8":{"start":{"line":31,"column":2},"end":{"line":31,"column":34}},"9":{"start":{"line":32,"column":2},"end":{"line":76,"column":5}},"10":{"start":{"line":33,"column":6},"end":{"line":39,"column":7}},"11":{"start":{"line":35,"column":8},"end":{"line":35,"column":75}},"12":{"start":{"line":36,"column":8},"end":{"line":36,"column":47}},"13":{"start":{"line":37,"column":8},"end":{"line":37,"column":29}},"14":{"start":{"line":38,"column":8},"end":{"line":38,"column":15}},"15":{"start":{"line":41,"column":6},"end":{"line":41,"column":41}},"16":{"start":{"line":42,"column":6},"end":{"line":75,"column":9}},"17":{"start":{"line":43,"column":8},"end":{"line":43,"column":50}},"18":{"start":{"line":44,"column":8},"end":{"line":44,"column":38}},"19":{"start":{"line":45,"column":8},"end":{"line":74,"column":9}},"20":{"start":{"line":46,"column":10},"end":{"line":46,"column":43}},"21":{"start":{"line":47,"column":10},"end":{"line":47,"column":32}},"22":{"start":{"line":49,"column":10},"end":{"line":73,"column":13}},"23":{"start":{"line":50,"column":12},"end":{"line":50,"column":67}},"24":{"start":{"line":52,"column":12},"end":{"line":57,"column":13}},"25":{"start":{"line":53,"column":14},"end":{"line":53,"column":51}},"26":{"start":{"line":54,"column":14},"end":{"line":54,"column":51}},"27":{"start":{"line":55,"column":14},"end":{"line":55,"column":35}},"28":{"start":{"line":56,"column":14},"end":{"line":56,"column":21}},"29":{"start":{"line":58,"column":12},"end":{"line":70,"column":13}},"30":{"start":{"line":62,"column":14},"end":{"line":62,"column":76}},"31":{"start":{"line":63,"column":14},"end":{"line":69,"column":15}},"32":{"start":{"line":64,"column":16},"end":{"line":68,"column":19}},"33":{"start":{"line":65,"column":18},"end":{"line":67,"column":19}},"34":{"start":{"line":66,"column":20},"end":{"line":66,"column":86}},"35":{"start":{"line":71,"column":12},"end":{"line":71,"column":34}},"36":{"start":{"line":72,"column":12},"end":{"line":72,"column":34}},"37":{"start":{"line":80,"column":0},"end":{"line":101,"column":1}},"38":{"start":{"line":81,"column":2},"end":{"line":81,"column":27}},"39":{"start":{"line":82,"column":2},"end":{"line":82,"column":26}},"40":{"start":{"line":83,"column":2},"end":{"line":83,"column":21}},"41":{"start":{"line":84,"column":2},"end":{"line":100,"column":4}},"42":{"start":{"line":85,"column":4},"end":{"line":98,"column":5}},"43":{"start":{"line":86,"column":6},"end":{"line":89,"column":7}},"44":{"start":{"line":88,"column":8},"end":{"line":88,"column":15},"skip":true},"45":{"start":{"line":90,"column":6},"end":{"line":90,"column":41}},"46":{"start":{"line":91,"column":6},"end":{"line":97,"column":7}},"47":{"start":{"line":92,"column":8},"end":{"line":96,"column":9}},"48":{"start":{"line":93,"column":10},"end":{"line":95,"column":11}},"49":{"start":{"line":94,"column":12},"end":{"line":94,"column":19}},"50":{"start":{"line":99,"column":4},"end":{"line":99,"column":19}},"51":{"start":{"line":105,"column":0},"end":{"line":136,"column":1}},"52":{"start":{"line":106,"column":2},"end":{"line":108,"column":3}},"53":{"start":{"line":107,"column":4},"end":{"line":107,"column":35}},"54":{"start":{"line":109,"column":2},"end":{"line":111,"column":3}},"55":{"start":{"line":110,"column":4},"end":{"line":110,"column":86}},"56":{"start":{"line":112,"column":2},"end":{"line":114,"column":3}},"57":{"start":{"line":113,"column":4},"end":{"line":113,"column":65}},"58":{"start":{"line":115,"column":2},"end":{"line":115,"column":32}},"59":{"start":{"line":116,"column":2},"end":{"line":116,"column":25}},"60":{"start":{"line":117,"column":2},"end":{"line":126,"column":3}},"61":{"start":{"line":118,"column":4},"end":{"line":118,"column":53}},"62":{"start":{"line":119,"column":4},"end":{"line":125,"column":7}},"63":{"start":{"line":128,"column":2},"end":{"line":134,"column":5}},"64":{"start":{"line":129,"column":4},"end":{"line":129,"column":31}},"65":{"start":{"line":130,"column":4},"end":{"line":130,"column":29}},"66":{"start":{"line":131,"column":4},"end":{"line":133,"column":5}},"67":{"start":{"line":132,"column":6},"end":{"line":132,"column":73}},"68":{"start":{"line":135,"column":2},"end":{"line":135,"column":11}},"69":{"start":{"line":139,"column":0},"end":{"line":164,"column":1}},"70":{"start":{"line":140,"column":2},"end":{"line":140,"column":35}},"71":{"start":{"line":141,"column":2},"end":{"line":144,"column":3}},"72":{"start":{"line":142,"column":4},"end":{"line":142,"column":69}},"73":{"start":{"line":143,"column":4},"end":{"line":143,"column":50}},"74":{"start":{"line":145,"column":2},"end":{"line":145,"column":32}},"75":{"start":{"line":146,"column":2},"end":{"line":149,"column":3}},"76":{"start":{"line":147,"column":4},"end":{"line":147,"column":69}},"77":{"start":{"line":148,"column":4},"end":{"line":148,"column":50}},"78":{"start":{"line":150,"column":2},"end":{"line":163,"column":3}},"79":{"start":{"line":151,"column":4},"end":{"line":151,"column":49}},"80":{"start":{"line":152,"column":4},"end":{"line":157,"column":5}},"81":{"start":{"line":153,"column":6},"end":{"line":153,"column":34}},"82":{"start":{"line":156,"column":6},"end":{"line":156,"column":22}},"83":{"start":{"line":160,"column":4},"end":{"line":160,"column":56},"skip":true},"84":{"start":{"line":162,"column":4},"end":{"line":162,"column":14},"skip":true},"85":{"start":{"line":166,"column":0},"end":{"line":170,"column":2}}},"branchMap":{"1":{"line":33,"type":"if","locations":[{"start":{"line":33,"column":6},"end":{"line":33,"column":6}},{"start":{"line":33,"column":6},"end":{"line":33,"column":6}}]},"2":{"line":45,"type":"if","locations":[{"start":{"line":45,"column":8},"end":{"line":45,"column":8}},{"start":{"line":45,"column":8},"end":{"line":45,"column":8}}]},"3":{"line":52,"type":"if","locations":[{"start":{"line":52,"column":12},"end":{"line":52,"column":12}},{"start":{"line":52,"column":12},"end":{"line":52,"column":12}}]},"4":{"line":58,"type":"if","locations":[{"start":{"line":58,"column":12},"end":{"line":58,"column":12}},{"start":{"line":58,"column":12},"end":{"line":58,"column":12}}]},"5":{"line":58,"type":"binary-expr","locations":[{"start":{"line":58,"column":15},"end":{"line":58,"column":54}},{"start":{"line":58,"column":58},"end":{"line":58,"column":96}}]},"6":{"line":63,"type":"if","locations":[{"start":{"line":63,"column":14},"end":{"line":63,"column":14}},{"start":{"line":63,"column":14},"end":{"line":63,"column":14}}]},"7":{"line":65,"type":"if","locations":[{"start":{"line":65,"column":18},"end":{"line":65,"column":18}},{"start":{"line":65,"column":18},"end":{"line":65,"column":18}}]},"8":{"line":86,"type":"if","locations":[{"start":{"line":86,"column":6},"end":{"line":86,"column":6}},{"start":{"line":86,"column":6},"end":{"line":86,"column":6}}]},"9":{"line":92,"type":"if","locations":[{"start":{"line":92,"column":8},"end":{"line":92,"column":8}},{"start":{"line":92,"column":8},"end":{"line":92,"column":8}}]},"10":{"line":93,"type":"if","locations":[{"start":{"line":93,"column":10},"end":{"line":93,"column":10}},{"start":{"line":93,"column":10},"end":{"line":93,"column":10}}]},"11":{"line":93,"type":"binary-expr","locations":[{"start":{"line":93,"column":14},"end":{"line":93,"column":41}},{"start":{"line":93,"column":46},"end":{"line":93,"column":60}}]},"12":{"line":106,"type":"if","locations":[{"start":{"line":106,"column":2},"end":{"line":106,"column":2}},{"start":{"line":106,"column":2},"end":{"line":106,"column":2}}]},"13":{"line":109,"type":"if","locations":[{"start":{"line":109,"column":2},"end":{"line":109,"column":2}},{"start":{"line":109,"column":2},"end":{"line":109,"column":2}}]},"14":{"line":112,"type":"if","locations":[{"start":{"line":112,"column":2},"end":{"line":112,"column":2}},{"start":{"line":112,"column":2},"end":{"line":112,"column":2}}]},"15":{"line":141,"type":"if","locations":[{"start":{"line":141,"column":2},"end":{"line":141,"column":2}},{"start":{"line":141,"column":2},"end":{"line":141,"column":2}}]},"16":{"line":146,"type":"if","locations":[{"start":{"line":146,"column":2},"end":{"line":146,"column":2}},{"start":{"line":146,"column":2},"end":{"line":146,"column":2}}]}}},"/home/travis/build/arf/java-codegen-yeoman/generator-java/generators/lib/control.js":{"path":"/home/travis/build/arf/java-codegen-yeoman/generator-java/generators/lib/control.js","s":{"1":1,"2":1,"3":1,"4":1,"5":1,"6":1,"7":1,"8":1,"9":1,"10":202,"11":0,"12":202,"13":0,"14":202,"15":202,"16":202,"17":1,"18":0,"19":1,"20":737,"21":1,"22":692,"23":1,"24":0,"25":1,"26":202,"27":202,"28":202,"29":131,"30":71,"31":71,"32":71,"33":71,"34":71,"35":71,"36":71,"37":71,"38":71,"39":71,"40":381,"41":71,"42":0,"43":0,"44":0,"45":71,"46":1,"47":643,"48":391,"49":252,"50":0,"51":252,"52":252,"53":496,"54":26,"55":226,"56":226,"57":678,"58":678,"59":0,"60":226,"61":1,"62":643,"63":190,"64":453,"65":1,"66":26,"67":26,"68":0,"69":1},"b":{"1":[0,202],"2":[0,202],"3":[131,71],"4":[71,0],"5":[71,0],"6":[391,252],"7":[0,252],"8":[252,0],"9":[252,0],"10":[26,470],"11":[226,0],"12":[0,678],"13":[190,453],"14":[643,252],"15":[26,0],"16":[26,26]},"f":{"1":202,"2":0,"3":737,"4":692,"5":0,"6":202,"7":643,"8":643,"9":26},"fnMap":{"1":{"name":"Control","line":31,"loc":{"start":{"line":31,"column":0},"end":{"line":31,"column":31}}},"2":{"name":"(anonymous_2)","line":43,"loc":{"start":{"line":43,"column":28},"end":{"line":43,"column":39}}},"3":{"name":"(anonymous_3)","line":47,"loc":{"start":{"line":47,"column":30},"end":{"line":47,"column":53}}},"4":{"name":"(anonymous_4)","line":51,"loc":{"start":{"line":51,"column":29},"end":{"line":51,"column":52}}},"5":{"name":"(anonymous_5)","line":56,"loc":{"start":{"line":56,"column":31},"end":{"line":56,"column":42}}},"6":{"name":"(anonymous_6)","line":61,"loc":{"start":{"line":61,"column":35},"end":{"line":61,"column":46}}},"7":{"name":"(anonymous_7)","line":95,"loc":{"start":{"line":95,"column":35},"end":{"line":95,"column":58}}},"8":{"name":"(anonymous_8)","line":123,"loc":{"start":{"line":123,"column":30},"end":{"line":123,"column":63}}},"9":{"name":"(anonymous_9)","line":132,"loc":{"start":{"line":132,"column":35},"end":{"line":132,"column":46}}}},"statementMap":{"1":{"start":{"line":19,"column":0},"end":{"line":19,"column":23}},"2":{"start":{"line":20,"column":0},"end":{"line":20,"column":29}},"3":{"start":{"line":21,"column":0},"end":{"line":21,"column":39}},"4":{"start":{"line":22,"column":0},"end":{"line":22,"column":29}},"5":{"start":{"line":23,"column":0},"end":{"line":23,"column":39}},"6":{"start":{"line":24,"column":0},"end":{"line":24,"column":30}},"7":{"start":{"line":27,"column":0},"end":{"line":27,"column":34}},"8":{"start":{"line":29,"column":0},"end":{"line":29,"column":32}},"9":{"start":{"line":31,"column":0},"end":{"line":41,"column":1}},"10":{"start":{"line":32,"column":2},"end":{"line":34,"column":3}},"11":{"start":{"line":33,"column":4},"end":{"line":33,"column":67}},"12":{"start":{"line":35,"column":2},"end":{"line":37,"column":3}},"13":{"start":{"line":36,"column":4},"end":{"line":36,"column":69}},"14":{"start":{"line":38,"column":2},"end":{"line":38,"column":19}},"15":{"start":{"line":39,"column":2},"end":{"line":39,"column":23}},"16":{"start":{"line":40,"column":2},"end":{"line":40,"column":24}},"17":{"start":{"line":43,"column":0},"end":{"line":45,"column":1}},"18":{"start":{"line":44,"column":2},"end":{"line":44,"column":31}},"19":{"start":{"line":47,"column":0},"end":{"line":49,"column":1}},"20":{"start":{"line":48,"column":2},"end":{"line":48,"column":41}},"21":{"start":{"line":51,"column":0},"end":{"line":53,"column":1}},"22":{"start":{"line":52,"column":2},"end":{"line":52,"column":40}},"23":{"start":{"line":56,"column":0},"end":{"line":58,"column":1}},"24":{"start":{"line":57,"column":2},"end":{"line":57,"column":40}},"25":{"start":{"line":61,"column":0},"end":{"line":92,"column":1}},"26":{"start":{"line":63,"column":2},"end":{"line":63,"column":32}},"27":{"start":{"line":64,"column":2},"end":{"line":64,"column":53}},"28":{"start":{"line":65,"column":2},"end":{"line":68,"column":3}},"29":{"start":{"line":67,"column":4},"end":{"line":67,"column":11}},"30":{"start":{"line":71,"column":2},"end":{"line":71,"column":47}},"31":{"start":{"line":72,"column":2},"end":{"line":72,"column":65}},"32":{"start":{"line":73,"column":2},"end":{"line":73,"column":54}},"33":{"start":{"line":74,"column":2},"end":{"line":74,"column":45}},"34":{"start":{"line":75,"column":2},"end":{"line":90,"column":3}},"35":{"start":{"line":76,"column":4},"end":{"line":76,"column":49}},"36":{"start":{"line":77,"column":4},"end":{"line":85,"column":5}},"37":{"start":{"line":78,"column":6},"end":{"line":78,"column":54}},"38":{"start":{"line":79,"column":6},"end":{"line":84,"column":7}},"39":{"start":{"line":80,"column":8},"end":{"line":82,"column":9}},"40":{"start":{"line":81,"column":10},"end":{"line":81,"column":84}},"41":{"start":{"line":83,"column":8},"end":{"line":83,"column":91}},"42":{"start":{"line":87,"column":4},"end":{"line":87,"column":55}},"43":{"start":{"line":88,"column":4},"end":{"line":88,"column":66}},"44":{"start":{"line":89,"column":4},"end":{"line":89,"column":14}},"45":{"start":{"line":91,"column":2},"end":{"line":91,"column":55}},"46":{"start":{"line":95,"column":0},"end":{"line":121,"column":1}},"47":{"start":{"line":96,"column":2},"end":{"line":98,"column":3}},"48":{"start":{"line":97,"column":4},"end":{"line":97,"column":16}},"49":{"start":{"line":99,"column":2},"end":{"line":101,"column":3}},"50":{"start":{"line":100,"column":4},"end":{"line":100,"column":16}},"51":{"start":{"line":102,"column":2},"end":{"line":109,"column":3}},"52":{"start":{"line":103,"column":4},"end":{"line":108,"column":5}},"53":{"start":{"line":104,"column":6},"end":{"line":107,"column":7}},"54":{"start":{"line":106,"column":8},"end":{"line":106,"column":21}},"55":{"start":{"line":110,"column":2},"end":{"line":118,"column":3}},"56":{"start":{"line":111,"column":4},"end":{"line":117,"column":5}},"57":{"start":{"line":112,"column":6},"end":{"line":112,"column":44}},"58":{"start":{"line":113,"column":6},"end":{"line":116,"column":7}},"59":{"start":{"line":115,"column":8},"end":{"line":115,"column":21}},"60":{"start":{"line":120,"column":2},"end":{"line":120,"column":14}},"61":{"start":{"line":123,"column":0},"end":{"line":129,"column":1}},"62":{"start":{"line":124,"column":2},"end":{"line":128,"column":3}},"63":{"start":{"line":125,"column":4},"end":{"line":125,"column":76}},"64":{"start":{"line":127,"column":4},"end":{"line":127,"column":76}},"65":{"start":{"line":132,"column":0},"end":{"line":138,"column":1}},"66":{"start":{"line":133,"column":2},"end":{"line":137,"column":3}},"67":{"start":{"line":134,"column":4},"end":{"line":134,"column":41}},"68":{"start":{"line":136,"column":4},"end":{"line":136,"column":14}},"69":{"start":{"line":140,"column":0},"end":{"line":140,"column":35}}},"branchMap":{"1":{"line":32,"type":"if","locations":[{"start":{"line":32,"column":2},"end":{"line":32,"column":2}},{"start":{"line":32,"column":2},"end":{"line":32,"column":2}}]},"2":{"line":35,"type":"if","locations":[{"start":{"line":35,"column":2},"end":{"line":35,"column":2}},{"start":{"line":35,"column":2},"end":{"line":35,"column":2}}]},"3":{"line":65,"type":"if","locations":[{"start":{"line":65,"column":2},"end":{"line":65,"column":2}},{"start":{"line":65,"column":2},"end":{"line":65,"column":2}}]},"4":{"line":77,"type":"if","locations":[{"start":{"line":77,"column":4},"end":{"line":77,"column":4}},{"start":{"line":77,"column":4},"end":{"line":77,"column":4}}]},"5":{"line":79,"type":"if","locations":[{"start":{"line":79,"column":6},"end":{"line":79,"column":6}},{"start":{"line":79,"column":6},"end":{"line":79,"column":6}}]},"6":{"line":96,"type":"if","locations":[{"start":{"line":96,"column":2},"end":{"line":96,"column":2}},{"start":{"line":96,"column":2},"end":{"line":96,"column":2}}]},"7":{"line":99,"type":"if","locations":[{"start":{"line":99,"column":2},"end":{"line":99,"column":2}},{"start":{"line":99,"column":2},"end":{"line":99,"column":2}}]},"8":{"line":99,"type":"binary-expr","locations":[{"start":{"line":99,"column":5},"end":{"line":99,"column":32}},{"start":{"line":99,"column":36},"end":{"line":99,"column":66}}]},"9":{"line":102,"type":"if","locations":[{"start":{"line":102,"column":2},"end":{"line":102,"column":2}},{"start":{"line":102,"column":2},"end":{"line":102,"column":2}}]},"10":{"line":104,"type":"if","locations":[{"start":{"line":104,"column":6},"end":{"line":104,"column":6}},{"start":{"line":104,"column":6},"end":{"line":104,"column":6}}]},"11":{"line":110,"type":"if","locations":[{"start":{"line":110,"column":2},"end":{"line":110,"column":2}},{"start":{"line":110,"column":2},"end":{"line":110,"column":2}}]},"12":{"line":113,"type":"if","locations":[{"start":{"line":113,"column":6},"end":{"line":113,"column":6}},{"start":{"line":113,"column":6},"end":{"line":113,"column":6}}]},"13":{"line":124,"type":"if","locations":[{"start":{"line":124,"column":2},"end":{"line":124,"column":2}},{"start":{"line":124,"column":2},"end":{"line":124,"column":2}}]},"14":{"line":124,"type":"binary-expr","locations":[{"start":{"line":124,"column":5},"end":{"line":124,"column":22}},{"start":{"line":124,"column":26},"end":{"line":124,"column":53}}]},"15":{"line":133,"type":"if","locations":[{"start":{"line":133,"column":2},"end":{"line":133,"column":2}},{"start":{"line":133,"column":2},"end":{"line":133,"column":2}}]},"16":{"line":133,"type":"binary-expr","locations":[{"start":{"line":133,"column":5},"end":{"line":133,"column":22}},{"start":{"line":133,"column":26},"end":{"line":133,"column":55}}]}}},"/home/travis/build/arf/java-codegen-yeoman/generator-java/generators/lib/javarules.js":{"path":"/home/travis/build/arf/java-codegen-yeoman/generator-java/generators/lib/javarules.js","s":{"1":1,"2":0,"3":0,"4":0,"5":0,"6":0,"7":0,"8":0,"9":0,"10":0,"11":0,"12":0,"13":0,"14":0,"15":0,"16":0,"17":0,"18":1,"19":0,"20":1,"21":0,"22":1,"23":0,"24":0,"25":0,"26":0,"27":0,"28":1},"b":{"1":[0,0],"2":[0,0],"3":[0,0],"4":[0,0],"5":[0,0],"6":[0,0]},"f":{"1":0,"2":0,"3":0,"4":0},"fnMap":{"1":{"name":"convertToJavaName","line":19,"loc":{"start":{"line":19,"column":0},"end":{"line":19,"column":42}}},"2":{"name":"(anonymous_2)","line":44,"loc":{"start":{"line":44,"column":17},"end":{"line":44,"column":32}}},"3":{"name":"(anonymous_3)","line":48,"loc":{"start":{"line":48,"column":16},"end":{"line":48,"column":31}}},"4":{"name":"(anonymous_4)","line":52,"loc":{"start":{"line":52,"column":15},"end":{"line":52,"column":30}}}},"statementMap":{"1":{"start":{"line":19,"column":0},"end":{"line":42,"column":1}},"2":{"start":{"line":20,"column":2},"end":{"line":20,"column":38}},"3":{"start":{"line":20,"column":19},"end":{"line":20,"column":38}},"4":{"start":{"line":21,"column":2},"end":{"line":21,"column":21}},"5":{"start":{"line":22,"column":2},"end":{"line":22,"column":18}},"6":{"start":{"line":23,"column":2},"end":{"line":40,"column":3}},"7":{"start":{"line":24,"column":4},"end":{"line":24,"column":27}},"8":{"start":{"line":25,"column":4},"end":{"line":31,"column":5}},"9":{"start":{"line":26,"column":6},"end":{"line":30,"column":7}},"10":{"start":{"line":27,"column":8},"end":{"line":27,"column":28}},"11":{"start":{"line":29,"column":8},"end":{"line":29,"column":28}},"12":{"start":{"line":32,"column":4},"end":{"line":39,"column":5}},"13":{"start":{"line":34,"column":8},"end":{"line":34,"column":22}},"14":{"start":{"line":35,"column":8},"end":{"line":35,"column":14}},"15":{"start":{"line":37,"column":8},"end":{"line":37,"column":20}},"16":{"start":{"line":38,"column":8},"end":{"line":38,"column":14}},"17":{"start":{"line":41,"column":2},"end":{"line":41,"column":16}},"18":{"start":{"line":44,"column":0},"end":{"line":46,"column":1}},"19":{"start":{"line":45,"column":2},"end":{"line":45,"column":40}},"20":{"start":{"line":48,"column":0},"end":{"line":50,"column":1}},"21":{"start":{"line":49,"column":2},"end":{"line":49,"column":39}},"22":{"start":{"line":52,"column":0},"end":{"line":56,"column":1}},"23":{"start":{"line":53,"column":2},"end":{"line":53,"column":40}},"24":{"start":{"line":53,"column":24},"end":{"line":53,"column":40}},"25":{"start":{"line":54,"column":2},"end":{"line":54,"column":39}},"26":{"start":{"line":54,"column":25},"end":{"line":54,"column":39}},"27":{"start":{"line":55,"column":2},"end":{"line":55,"column":18}},"28":{"start":{"line":58,"column":0},"end":{"line":62,"column":2}}},"branchMap":{"1":{"line":20,"type":"if","locations":[{"start":{"line":20,"column":2},"end":{"line":20,"column":2}},{"start":{"line":20,"column":2},"end":{"line":20,"column":2}}]},"2":{"line":25,"type":"if","locations":[{"start":{"line":25,"column":4},"end":{"line":25,"column":4}},{"start":{"line":25,"column":4},"end":{"line":25,"column":4}}]},"3":{"line":26,"type":"if","locations":[{"start":{"line":26,"column":6},"end":{"line":26,"column":6}},{"start":{"line":26,"column":6},"end":{"line":26,"column":6}}]},"4":{"line":32,"type":"switch","locations":[{"start":{"line":33,"column":6},"end":{"line":35,"column":14}},{"start":{"line":36,"column":6},"end":{"line":38,"column":14}}]},"5":{"line":53,"type":"if","locations":[{"start":{"line":53,"column":2},"end":{"line":53,"column":2}},{"start":{"line":53,"column":2},"end":{"line":53,"column":2}}]},"6":{"line":54,"type":"if","locations":[{"start":{"line":54,"column":2},"end":{"line":54,"column":2}},{"start":{"line":54,"column":2},"end":{"line":54,"column":2}}]}}},"/home/travis/build/arf/java-codegen-yeoman/generator-java/generators/lib/log.js":{"path":"/home/travis/build/arf/java-codegen-yeoman/generator-java/generators/lib/log.js","s":{"1":1,"2":1,"3":1005,"4":0,"5":0,"6":1005,"7":695,"8":310,"9":1,"10":26,"11":1,"12":0,"13":1},"b":{"1":[0,1005],"2":[695,310],"3":[1005,310,310]},"f":{"1":1005,"2":26,"3":0},"fnMap":{"1":{"name":"(anonymous_1)","line":21,"loc":{"start":{"line":21,"column":17},"end":{"line":21,"column":40}}},"2":{"name":"(anonymous_2)","line":33,"loc":{"start":{"line":33,"column":14},"end":{"line":33,"column":25}}},"3":{"name":"(anonymous_3)","line":38,"loc":{"start":{"line":38,"column":12},"end":{"line":38,"column":23}}}},"statementMap":{"1":{"start":{"line":19,"column":0},"end":{"line":19,"column":13}},"2":{"start":{"line":21,"column":0},"end":{"line":31,"column":1}},"3":{"start":{"line":22,"column":2},"end":{"line":25,"column":3}},"4":{"start":{"line":23,"column":4},"end":{"line":23,"column":38}},"5":{"start":{"line":24,"column":4},"end":{"line":24,"column":11}},"6":{"start":{"line":26,"column":2},"end":{"line":30,"column":3}},"7":{"start":{"line":27,"column":4},"end":{"line":27,"column":36}},"8":{"start":{"line":29,"column":4},"end":{"line":29,"column":121}},"9":{"start":{"line":33,"column":0},"end":{"line":35,"column":1}},"10":{"start":{"line":34,"column":2},"end":{"line":34,"column":13}},"11":{"start":{"line":38,"column":0},"end":{"line":40,"column":1}},"12":{"start":{"line":39,"column":2},"end":{"line":39,"column":11}},"13":{"start":{"line":42,"column":0},"end":{"line":47,"column":1}}},"branchMap":{"1":{"line":22,"type":"if","locations":[{"start":{"line":22,"column":2},"end":{"line":22,"column":2}},{"start":{"line":22,"column":2},"end":{"line":22,"column":2}}]},"2":{"line":26,"type":"if","locations":[{"start":{"line":26,"column":2},"end":{"line":26,"column":2}},{"start":{"line":26,"column":2},"end":{"line":26,"column":2}}]},"3":{"line":26,"type":"binary-expr","locations":[{"start":{"line":26,"column":6},"end":{"line":26,"column":30}},{"start":{"line":26,"column":36},"end":{"line":26,"column":60}},{"start":{"line":26,"column":66},"end":{"line":26,"column":91}}]}}},"/home/travis/build/arf/java-codegen-yeoman/generator-java/generators/lib/helpers.js":{"path":"/home/travis/build/arf/java-codegen-yeoman/generator-java/generators/lib/helpers.js","s":{"1":1,"2":1,"3":1,"4":1,"5":1,"6":1,"7":0,"8":0,"9":1,"10":156,"11":1,"12":1401,"13":679,"14":679,"15":679,"16":679,"17":679,"18":679,"19":679,"20":679,"21":722,"22":1,"23":26,"24":1,"25":0,"26":1,"27":26,"28":43,"29":26,"30":0,"31":1},"b":{"1":[679,722],"2":[679,0],"3":[679,0],"4":[26,17],"5":[43,26]},"f":{"1":0,"2":156,"3":1401,"4":26,"5":0,"6":26},"fnMap":{"1":{"name":"(anonymous_1)","line":32,"loc":{"start":{"line":32,"column":39},"end":{"line":32,"column":53}}},"2":{"name":"(anonymous_2)","line":38,"loc":{"start":{"line":38,"column":33},"end":{"line":38,"column":51}}},"3":{"name":"(anonymous_3)","line":43,"loc":{"start":{"line":43,"column":33},"end":{"line":43,"column":69}}},"4":{"name":"(anonymous_4)","line":71,"loc":{"start":{"line":71,"column":41},"end":{"line":71,"column":59}}},"5":{"name":"(anonymous_5)","line":76,"loc":{"start":{"line":76,"column":41},"end":{"line":76,"column":59}}},"6":{"name":"(anonymous_6)","line":80,"loc":{"start":{"line":80,"column":44},"end":{"line":80,"column":55}}}},"statementMap":{"1":{"start":{"line":19,"column":0},"end":{"line":19,"column":39}},"2":{"start":{"line":20,"column":0},"end":{"line":20,"column":39}},"3":{"start":{"line":23,"column":0},"end":{"line":23,"column":62}},"4":{"start":{"line":26,"column":0},"end":{"line":26,"column":64}},"5":{"start":{"line":29,"column":0},"end":{"line":29,"column":66}},"6":{"start":{"line":32,"column":0},"end":{"line":35,"column":3}},"7":{"start":{"line":33,"column":2},"end":{"line":33,"column":29}},"8":{"start":{"line":34,"column":2},"end":{"line":34,"column":54}},"9":{"start":{"line":38,"column":0},"end":{"line":40,"column":3}},"10":{"start":{"line":39,"column":2},"end":{"line":39,"column":31}},"11":{"start":{"line":43,"column":0},"end":{"line":68,"column":3}},"12":{"start":{"line":45,"column":2},"end":{"line":65,"column":3}},"13":{"start":{"line":46,"column":4},"end":{"line":46,"column":26}},"14":{"start":{"line":47,"column":4},"end":{"line":59,"column":5}},"15":{"start":{"line":51,"column":6},"end":{"line":51,"column":17}},"16":{"start":{"line":52,"column":6},"end":{"line":57,"column":7}},"17":{"start":{"line":54,"column":8},"end":{"line":56,"column":9}},"18":{"start":{"line":55,"column":12},"end":{"line":55,"column":45}},"19":{"start":{"line":58,"column":6},"end":{"line":58,"column":35}},"20":{"start":{"line":61,"column":4},"end":{"line":64,"column":7}},"21":{"start":{"line":67,"column":2},"end":{"line":67,"column":19}},"22":{"start":{"line":71,"column":0},"end":{"line":73,"column":3}},"23":{"start":{"line":72,"column":2},"end":{"line":72,"column":39}},"24":{"start":{"line":76,"column":0},"end":{"line":78,"column":3}},"25":{"start":{"line":77,"column":2},"end":{"line":77,"column":39}},"26":{"start":{"line":80,"column":0},"end":{"line":87,"column":3}},"27":{"start":{"line":81,"column":2},"end":{"line":85,"column":3}},"28":{"start":{"line":82,"column":4},"end":{"line":84,"column":5}},"29":{"start":{"line":83,"column":6},"end":{"line":83,"column":26}},"30":{"start":{"line":86,"column":2},"end":{"line":86,"column":21}},"31":{"start":{"line":89,"column":0},"end":{"line":91,"column":1}}},"branchMap":{"1":{"line":45,"type":"if","locations":[{"start":{"line":45,"column":2},"end":{"line":45,"column":2}},{"start":{"line":45,"column":2},"end":{"line":45,"column":2}}]},"2":{"line":47,"type":"if","locations":[{"start":{"line":47,"column":4},"end":{"line":47,"column":4}},{"start":{"line":47,"column":4},"end":{"line":47,"column":4}}]},"3":{"line":54,"type":"if","locations":[{"start":{"line":54,"column":8},"end":{"line":54,"column":8}},{"start":{"line":54,"column":8},"end":{"line":54,"column":8}}]},"4":{"line":82,"type":"if","locations":[{"start":{"line":82,"column":4},"end":{"line":82,"column":4}},{"start":{"line":82,"column":4},"end":{"line":82,"column":4}}]},"5":{"line":82,"type":"binary-expr","locations":[{"start":{"line":82,"column":8},"end":{"line":82,"column":20}},{"start":{"line":82,"column":24},"end":{"line":82,"column":56}}]}}},"/home/travis/build/arf/java-codegen-yeoman/generator-java/generators/lib/promptmgr.js":{"path":"/home/travis/build/arf/java-codegen-yeoman/generator-java/generators/lib/promptmgr.js","s":{"1":1,"2":26,"3":26,"4":26,"5":26,"6":1,"7":104,"8":104,"9":104,"10":104,"11":104,"12":52,"13":104,"14":104,"15":156,"16":52,"17":156,"18":52,"19":1,"20":15,"21":15,"22":15,"23":60,"24":15,"25":1,"26":0,"27":0,"28":0,"29":0,"30":0,"31":0,"32":1,"33":26,"34":104,"35":1},"b":{"1":[52,52],"2":[52,104],"3":[0,0],"4":[0,0]},"f":{"1":26,"2":104,"3":15,"4":0,"5":26},"fnMap":{"1":{"name":"PromptManager","line":19,"loc":{"start":{"line":19,"column":0},"end":{"line":19,"column":31}}},"2":{"name":"(anonymous_2)","line":31,"loc":{"start":{"line":31,"column":30},"end":{"line":31,"column":45}}},"3":{"name":"(anonymous_3)","line":53,"loc":{"start":{"line":53,"column":39},"end":{"line":53,"column":50}}},"4":{"name":"(anonymous_4)","line":63,"loc":{"start":{"line":63,"column":39},"end":{"line":63,"column":60}}},"5":{"name":"(anonymous_5)","line":75,"loc":{"start":{"line":75,"column":38},"end":{"line":75,"column":64}}}},"statementMap":{"1":{"start":{"line":19,"column":0},"end":{"line":29,"column":1}},"2":{"start":{"line":20,"column":2},"end":{"line":20,"column":20}},"3":{"start":{"line":21,"column":2},"end":{"line":21,"column":18}},"4":{"start":{"line":22,"column":2},"end":{"line":27,"column":4}},"5":{"start":{"line":28,"column":2},"end":{"line":28,"column":23}},"6":{"start":{"line":31,"column":0},"end":{"line":51,"column":1}},"7":{"start":{"line":32,"column":2},"end":{"line":32,"column":50}},"8":{"start":{"line":33,"column":2},"end":{"line":33,"column":33}},"9":{"start":{"line":34,"column":2},"end":{"line":34,"column":25}},"10":{"start":{"line":36,"column":2},"end":{"line":36,"column":30}},"11":{"start":{"line":37,"column":2},"end":{"line":39,"column":3}},"12":{"start":{"line":38,"column":4},"end":{"line":38,"column":36}},"13":{"start":{"line":42,"column":2},"end":{"line":42,"column":33}},"14":{"start":{"line":43,"column":2},"end":{"line":50,"column":3}},"15":{"start":{"line":44,"column":4},"end":{"line":49,"column":5}},"16":{"start":{"line":45,"column":6},"end":{"line":47,"column":7}},"17":{"start":{"line":46,"column":8},"end":{"line":46,"column":52}},"18":{"start":{"line":48,"column":6},"end":{"line":48,"column":12}},"19":{"start":{"line":53,"column":0},"end":{"line":60,"column":1}},"20":{"start":{"line":54,"column":2},"end":{"line":54,"column":21}},"21":{"start":{"line":55,"column":2},"end":{"line":55,"column":30}},"22":{"start":{"line":56,"column":2},"end":{"line":58,"column":3}},"23":{"start":{"line":57,"column":4},"end":{"line":57,"column":65}},"24":{"start":{"line":59,"column":2},"end":{"line":59,"column":19}},"25":{"start":{"line":63,"column":0},"end":{"line":73,"column":1}},"26":{"start":{"line":64,"column":2},"end":{"line":64,"column":57}},"27":{"start":{"line":65,"column":2},"end":{"line":72,"column":3}},"28":{"start":{"line":66,"column":4},"end":{"line":71,"column":5}},"29":{"start":{"line":67,"column":6},"end":{"line":70,"column":7}},"30":{"start":{"line":68,"column":8},"end":{"line":68,"column":49}},"31":{"start":{"line":69,"column":8},"end":{"line":69,"column":14}},"32":{"start":{"line":75,"column":0},"end":{"line":79,"column":1}},"33":{"start":{"line":76,"column":2},"end":{"line":78,"column":3}},"34":{"start":{"line":77,"column":4},"end":{"line":77,"column":49}},"35":{"start":{"line":81,"column":0},"end":{"line":81,"column":41}}},"branchMap":{"1":{"line":37,"type":"if","locations":[{"start":{"line":37,"column":2},"end":{"line":37,"column":2}},{"start":{"line":37,"column":2},"end":{"line":37,"column":2}}]},"2":{"line":44,"type":"if","locations":[{"start":{"line":44,"column":4},"end":{"line":44,"column":4}},{"start":{"line":44,"column":4},"end":{"line":44,"column":4}}]},"3":{"line":66,"type":"if","locations":[{"start":{"line":66,"column":4},"end":{"line":66,"column":4}},{"start":{"line":66,"column":4},"end":{"line":66,"column":4}}]},"4":{"line":67,"type":"if","locations":[{"start":{"line":67,"column":6},"end":{"line":67,"column":6}},{"start":{"line":67,"column":6},"end":{"line":67,"column":6}}]}}},"/home/travis/build/arf/java-codegen-yeoman/generator-java/generators/prompts/common.js":{"path":"/home/travis/build/arf/java-codegen-yeoman/generator-java/generators/prompts/common.js","s":{"1":1,"2":1,"3":1,"4":26,"5":1,"6":26,"7":1,"8":0,"9":1,"10":41,"11":1,"12":26,"13":15,"14":15,"15":26,"16":26,"17":26,"18":26,"19":1},"b":{"1":[15,11],"2":[26,11],"3":[26,0],"4":[26,11]},"f":{"1":26,"2":26,"3":0,"4":41,"5":26},"fnMap":{"1":{"name":"Extension","line":23,"loc":{"start":{"line":23,"column":0},"end":{"line":23,"column":21}}},"2":{"name":"(anonymous_2)","line":27,"loc":{"start":{"line":27,"column":32},"end":{"line":27,"column":43}}},"3":{"name":"(anonymous_3)","line":31,"loc":{"start":{"line":31,"column":27},"end":{"line":31,"column":45}}},"4":{"name":"(anonymous_4)","line":35,"loc":{"start":{"line":35,"column":35},"end":{"line":35,"column":46}}},"5":{"name":"(anonymous_5)","line":50,"loc":{"start":{"line":50,"column":34},"end":{"line":50,"column":60}}}},"statementMap":{"1":{"start":{"line":19,"column":0},"end":{"line":19,"column":35}},"2":{"start":{"line":21,"column":0},"end":{"line":21,"column":31}},"3":{"start":{"line":23,"column":0},"end":{"line":25,"column":1}},"4":{"start":{"line":24,"column":2},"end":{"line":24,"column":22}},"5":{"start":{"line":27,"column":0},"end":{"line":29,"column":1}},"6":{"start":{"line":28,"column":2},"end":{"line":28,"column":19}},"7":{"start":{"line":31,"column":0},"end":{"line":33,"column":1}},"8":{"start":{"line":32,"column":2},"end":{"line":32,"column":14}},"9":{"start":{"line":35,"column":0},"end":{"line":48,"column":1}},"10":{"start":{"line":36,"column":2},"end":{"line":47,"column":5}},"11":{"start":{"line":50,"column":0},"end":{"line":61,"column":1}},"12":{"start":{"line":52,"column":2},"end":{"line":55,"column":3}},"13":{"start":{"line":53,"column":4},"end":{"line":53,"column":43}},"14":{"start":{"line":54,"column":4},"end":{"line":54,"column":45}},"15":{"start":{"line":56,"column":2},"end":{"line":56,"column":59}},"16":{"start":{"line":57,"column":2},"end":{"line":59,"column":3}},"17":{"start":{"line":58,"column":4},"end":{"line":58,"column":39}},"18":{"start":{"line":60,"column":2},"end":{"line":60,"column":53}},"19":{"start":{"line":63,"column":0},"end":{"line":63,"column":37}}},"branchMap":{"1":{"line":52,"type":"if","locations":[{"start":{"line":52,"column":2},"end":{"line":52,"column":2}},{"start":{"line":52,"column":2},"end":{"line":52,"column":2}}]},"2":{"line":56,"type":"binary-expr","locations":[{"start":{"line":56,"column":21},"end":{"line":56,"column":38}},{"start":{"line":56,"column":42},"end":{"line":56,"column":58}}]},"3":{"line":57,"type":"if","locations":[{"start":{"line":57,"column":2},"end":{"line":57,"column":2}},{"start":{"line":57,"column":2},"end":{"line":57,"column":2}}]},"4":{"line":60,"type":"binary-expr","locations":[{"start":{"line":60,"column":19},"end":{"line":60,"column":34}},{"start":{"line":60,"column":38},"end":{"line":60,"column":52}}]}}},"/home/travis/build/arf/java-codegen-yeoman/generator-java/generators/prompts/liberty.js":{"path":"/home/travis/build/arf/java-codegen-yeoman/generator-java/generators/prompts/liberty.js","s":{"1":1,"2":1,"3":1,"4":26,"5":1,"6":26,"7":1,"8":45,"9":1,"10":41,"11":1,"12":1},"b":{"1":[45,45]},"f":{"1":26,"2":26,"3":45,"4":41,"5":26},"fnMap":{"1":{"name":"Extension","line":23,"loc":{"start":{"line":23,"column":0},"end":{"line":23,"column":21}}},"2":{"name":"(anonymous_2)","line":27,"loc":{"start":{"line":27,"column":32},"end":{"line":27,"column":43}}},"3":{"name":"(anonymous_3)","line":35,"loc":{"start":{"line":35,"column":27},"end":{"line":35,"column":45}}},"4":{"name":"(anonymous_4)","line":39,"loc":{"start":{"line":39,"column":35},"end":{"line":39,"column":46}}},"5":{"name":"(anonymous_5)","line":70,"loc":{"start":{"line":70,"column":34},"end":{"line":70,"column":60}}}},"statementMap":{"1":{"start":{"line":19,"column":0},"end":{"line":19,"column":35}},"2":{"start":{"line":21,"column":0},"end":{"line":21,"column":35}},"3":{"start":{"line":23,"column":0},"end":{"line":25,"column":1}},"4":{"start":{"line":24,"column":2},"end":{"line":24,"column":22}},"5":{"start":{"line":27,"column":0},"end":{"line":33,"column":1}},"6":{"start":{"line":28,"column":2},"end":{"line":32,"column":4}},"7":{"start":{"line":35,"column":0},"end":{"line":37,"column":1}},"8":{"start":{"line":36,"column":2},"end":{"line":36,"column":55}},"9":{"start":{"line":39,"column":0},"end":{"line":68,"column":1}},"10":{"start":{"line":40,"column":2},"end":{"line":67,"column":5}},"11":{"start":{"line":70,"column":0},"end":{"line":72,"column":1}},"12":{"start":{"line":74,"column":0},"end":{"line":74,"column":37}}},"branchMap":{"1":{"line":36,"type":"binary-expr","locations":[{"start":{"line":36,"column":9},"end":{"line":36,"column":16}},{"start":{"line":36,"column":21},"end":{"line":36,"column":53}}]}}},"/home/travis/build/arf/java-codegen-yeoman/generator-java/generators/prompts/patterns.js":{"path":"/home/travis/build/arf/java-codegen-yeoman/generator-java/generators/prompts/patterns.js","s":{"1":1,"2":1,"3":1,"4":26,"5":26,"6":1,"7":26,"8":1,"9":15,"10":15,"11":15,"12":0,"13":15,"14":0,"15":15,"16":15,"17":1,"18":41,"19":1,"20":26,"21":11,"22":15,"23":15,"24":15,"25":15,"26":15,"27":1},"b":{"1":[15,0],"2":[0,15],"3":[11,15],"4":[15,0],"5":[15,0],"6":[15,0],"7":[15,15,0]},"f":{"1":26,"2":26,"3":15,"4":41,"5":26},"fnMap":{"1":{"name":"Extension","line":23,"loc":{"start":{"line":23,"column":0},"end":{"line":23,"column":27}}},"2":{"name":"(anonymous_2)","line":28,"loc":{"start":{"line":28,"column":32},"end":{"line":28,"column":43}}},"3":{"name":"(anonymous_3)","line":36,"loc":{"start":{"line":36,"column":27},"end":{"line":36,"column":45}}},"4":{"name":"(anonymous_4)","line":51,"loc":{"start":{"line":51,"column":35},"end":{"line":51,"column":46}}},"5":{"name":"(anonymous_5)","line":78,"loc":{"start":{"line":78,"column":34},"end":{"line":78,"column":60}}}},"statementMap":{"1":{"start":{"line":19,"column":0},"end":{"line":19,"column":35}},"2":{"start":{"line":21,"column":0},"end":{"line":21,"column":36}},"3":{"start":{"line":23,"column":0},"end":{"line":26,"column":1}},"4":{"start":{"line":24,"column":2},"end":{"line":24,"column":22}},"5":{"start":{"line":25,"column":2},"end":{"line":25,"column":23}},"6":{"start":{"line":28,"column":0},"end":{"line":34,"column":1}},"7":{"start":{"line":29,"column":2},"end":{"line":33,"column":4}},"8":{"start":{"line":36,"column":0},"end":{"line":49,"column":1}},"9":{"start":{"line":37,"column":2},"end":{"line":37,"column":21}},"10":{"start":{"line":38,"column":2},"end":{"line":46,"column":3}},"11":{"start":{"line":39,"column":4},"end":{"line":43,"column":5}},"12":{"start":{"line":40,"column":6},"end":{"line":40,"column":50}},"13":{"start":{"line":42,"column":6},"end":{"line":42,"column":54}},"14":{"start":{"line":45,"column":4},"end":{"line":45,"column":52}},"15":{"start":{"line":47,"column":2},"end":{"line":47,"column":29}},"16":{"start":{"line":48,"column":2},"end":{"line":48,"column":16}},"17":{"start":{"line":51,"column":0},"end":{"line":76,"column":1}},"18":{"start":{"line":52,"column":2},"end":{"line":75,"column":5}},"19":{"start":{"line":78,"column":0},"end":{"line":90,"column":1}},"20":{"start":{"line":80,"column":2},"end":{"line":82,"column":3}},"21":{"start":{"line":81,"column":4},"end":{"line":81,"column":11}},"22":{"start":{"line":83,"column":2},"end":{"line":85,"column":3}},"23":{"start":{"line":84,"column":4},"end":{"line":84,"column":50}},"24":{"start":{"line":86,"column":2},"end":{"line":86,"column":53}},"25":{"start":{"line":87,"column":2},"end":{"line":89,"column":3}},"26":{"start":{"line":88,"column":4},"end":{"line":88,"column":78}},"27":{"start":{"line":92,"column":0},"end":{"line":92,"column":37}}},"branchMap":{"1":{"line":38,"type":"if","locations":[{"start":{"line":38,"column":2},"end":{"line":38,"column":2}},{"start":{"line":38,"column":2},"end":{"line":38,"column":2}}]},"2":{"line":39,"type":"if","locations":[{"start":{"line":39,"column":4},"end":{"line":39,"column":4}},{"start":{"line":39,"column":4},"end":{"line":39,"column":4}}]},"3":{"line":80,"type":"if","locations":[{"start":{"line":80,"column":2},"end":{"line":80,"column":2}},{"start":{"line":80,"column":2},"end":{"line":80,"column":2}}]},"4":{"line":83,"type":"if","locations":[{"start":{"line":83,"column":2},"end":{"line":83,"column":2}},{"start":{"line":83,"column":2},"end":{"line":83,"column":2}}]},"5":{"line":86,"type":"binary-expr","locations":[{"start":{"line":86,"column":19},"end":{"line":86,"column":34}},{"start":{"line":86,"column":38},"end":{"line":86,"column":52}}]},"6":{"line":87,"type":"if","locations":[{"start":{"line":87,"column":2},"end":{"line":87,"column":2}},{"start":{"line":87,"column":2},"end":{"line":87,"column":2}}]},"7":{"line":88,"type":"binary-expr","locations":[{"start":{"line":88,"column":21},"end":{"line":88,"column":40}},{"start":{"line":88,"column":44},"end":{"line":88,"column":59}},{"start":{"line":88,"column":63},"end":{"line":88,"column":77}}]}}},"/home/travis/build/arf/java-codegen-yeoman/generator-java/generators/prompts/bluemix.js":{"path":"/home/travis/build/arf/java-codegen-yeoman/generator-java/generators/prompts/bluemix.js","s":{"1":1,"2":1,"3":1,"4":26,"5":26,"6":1,"7":26,"8":1,"9":30,"10":30,"11":30,"12":0,"13":30,"14":0,"15":30,"16":30,"17":1,"18":41,"19":1,"20":26,"21":6,"22":20,"23":0,"24":20,"25":20,"26":20,"27":20,"28":12,"29":0,"30":12,"31":12,"32":12,"33":12,"34":15,"35":15,"36":3,"37":3,"38":12,"39":6,"40":6,"41":12,"42":6,"43":6,"44":1},"b":{"1":[30,0],"2":[0,30],"3":[0,0],"4":[30,0],"5":[6,20],"6":[26,6],"7":[0,20],"8":[20,5],"9":[20,0],"10":[20,15,0],"11":[12,8],"12":[0,12],"13":[3,12],"14":[6,6],"15":[6,0],"16":[6,6],"17":[6,0]},"f":{"1":26,"2":26,"3":30,"4":41,"5":26},"fnMap":{"1":{"name":"Extension","line":23,"loc":{"start":{"line":23,"column":0},"end":{"line":23,"column":27}}},"2":{"name":"(anonymous_2)","line":28,"loc":{"start":{"line":28,"column":32},"end":{"line":28,"column":43}}},"3":{"name":"(anonymous_3)","line":32,"loc":{"start":{"line":32,"column":27},"end":{"line":32,"column":45}}},"4":{"name":"(anonymous_4)","line":47,"loc":{"start":{"line":47,"column":35},"end":{"line":47,"column":46}}},"5":{"name":"(anonymous_5)","line":64,"loc":{"start":{"line":64,"column":34},"end":{"line":64,"column":60}}}},"statementMap":{"1":{"start":{"line":19,"column":0},"end":{"line":19,"column":35}},"2":{"start":{"line":21,"column":0},"end":{"line":21,"column":35}},"3":{"start":{"line":23,"column":0},"end":{"line":26,"column":1}},"4":{"start":{"line":24,"column":2},"end":{"line":24,"column":22}},"5":{"start":{"line":25,"column":2},"end":{"line":25,"column":23}},"6":{"start":{"line":28,"column":0},"end":{"line":30,"column":1}},"7":{"start":{"line":29,"column":2},"end":{"line":29,"column":19}},"8":{"start":{"line":32,"column":0},"end":{"line":45,"column":1}},"9":{"start":{"line":33,"column":2},"end":{"line":33,"column":21}},"10":{"start":{"line":34,"column":2},"end":{"line":42,"column":3}},"11":{"start":{"line":35,"column":4},"end":{"line":39,"column":5}},"12":{"start":{"line":36,"column":6},"end":{"line":36,"column":80}},"13":{"start":{"line":38,"column":6},"end":{"line":38,"column":84}},"14":{"start":{"line":41,"column":4},"end":{"line":41,"column":60}},"15":{"start":{"line":43,"column":2},"end":{"line":43,"column":29}},"16":{"start":{"line":44,"column":2},"end":{"line":44,"column":16}},"17":{"start":{"line":47,"column":0},"end":{"line":62,"column":1}},"18":{"start":{"line":48,"column":2},"end":{"line":61,"column":5}},"19":{"start":{"line":64,"column":0},"end":{"line":130,"column":1}},"20":{"start":{"line":65,"column":2},"end":{"line":67,"column":3}},"21":{"start":{"line":66,"column":4},"end":{"line":66,"column":11}},"22":{"start":{"line":69,"column":2},"end":{"line":71,"column":3}},"23":{"start":{"line":70,"column":4},"end":{"line":70,"column":50}},"24":{"start":{"line":72,"column":2},"end":{"line":72,"column":53}},"25":{"start":{"line":73,"column":2},"end":{"line":75,"column":3}},"26":{"start":{"line":74,"column":4},"end":{"line":74,"column":78}},"27":{"start":{"line":77,"column":2},"end":{"line":129,"column":3}},"28":{"start":{"line":78,"column":4},"end":{"line":80,"column":5}},"29":{"start":{"line":79,"column":6},"end":{"line":79,"column":26}},"30":{"start":{"line":81,"column":4},"end":{"line":81,"column":74}},"31":{"start":{"line":82,"column":4},"end":{"line":86,"column":5}},"32":{"start":{"line":87,"column":4},"end":{"line":87,"column":54}},"33":{"start":{"line":88,"column":4},"end":{"line":128,"column":5}},"34":{"start":{"line":89,"column":6},"end":{"line":89,"column":40}},"35":{"start":{"line":90,"column":6},"end":{"line":93,"column":7}},"36":{"start":{"line":91,"column":8},"end":{"line":91,"column":35}},"37":{"start":{"line":92,"column":8},"end":{"line":92,"column":14}},"38":{"start":{"line":94,"column":6},"end":{"line":109,"column":7}},"39":{"start":{"line":95,"column":8},"end":{"line":108,"column":9}},"40":{"start":{"line":96,"column":10},"end":{"line":107,"column":12}},"41":{"start":{"line":110,"column":6},"end":{"line":127,"column":7}},"42":{"start":{"line":111,"column":8},"end":{"line":126,"column":9}},"43":{"start":{"line":112,"column":10},"end":{"line":125,"column":12}},"44":{"start":{"line":132,"column":0},"end":{"line":132,"column":37}}},"branchMap":{"1":{"line":34,"type":"if","locations":[{"start":{"line":34,"column":2},"end":{"line":34,"column":2}},{"start":{"line":34,"column":2},"end":{"line":34,"column":2}}]},"2":{"line":35,"type":"if","locations":[{"start":{"line":35,"column":4},"end":{"line":35,"column":4}},{"start":{"line":35,"column":4},"end":{"line":35,"column":4}}]},"3":{"line":36,"type":"binary-expr","locations":[{"start":{"line":36,"column":16},"end":{"line":36,"column":56}},{"start":{"line":36,"column":60},"end":{"line":36,"column":78}}]},"4":{"line":38,"type":"binary-expr","locations":[{"start":{"line":38,"column":16},"end":{"line":38,"column":60}},{"start":{"line":38,"column":64},"end":{"line":38,"column":82}}]},"5":{"line":65,"type":"if","locations":[{"start":{"line":65,"column":2},"end":{"line":65,"column":2}},{"start":{"line":65,"column":2},"end":{"line":65,"column":2}}]},"6":{"line":65,"type":"binary-expr","locations":[{"start":{"line":65,"column":7},"end":{"line":65,"column":21}},{"start":{"line":65,"column":25},"end":{"line":65,"column":40}}]},"7":{"line":69,"type":"if","locations":[{"start":{"line":69,"column":2},"end":{"line":69,"column":2}},{"start":{"line":69,"column":2},"end":{"line":69,"column":2}}]},"8":{"line":72,"type":"binary-expr","locations":[{"start":{"line":72,"column":19},"end":{"line":72,"column":34}},{"start":{"line":72,"column":38},"end":{"line":72,"column":52}}]},"9":{"line":73,"type":"if","locations":[{"start":{"line":73,"column":2},"end":{"line":73,"column":2}},{"start":{"line":73,"column":2},"end":{"line":73,"column":2}}]},"10":{"line":74,"type":"binary-expr","locations":[{"start":{"line":74,"column":21},"end":{"line":74,"column":40}},{"start":{"line":74,"column":44},"end":{"line":74,"column":59}},{"start":{"line":74,"column":63},"end":{"line":74,"column":77}}]},"11":{"line":77,"type":"if","locations":[{"start":{"line":77,"column":2},"end":{"line":77,"column":2}},{"start":{"line":77,"column":2},"end":{"line":77,"column":2}}]},"12":{"line":78,"type":"if","locations":[{"start":{"line":78,"column":4},"end":{"line":78,"column":4}},{"start":{"line":78,"column":4},"end":{"line":78,"column":4}}]},"13":{"line":90,"type":"if","locations":[{"start":{"line":90,"column":6},"end":{"line":90,"column":6}},{"start":{"line":90,"column":6},"end":{"line":90,"column":6}}]},"14":{"line":94,"type":"if","locations":[{"start":{"line":94,"column":6},"end":{"line":94,"column":6}},{"start":{"line":94,"column":6},"end":{"line":94,"column":6}}]},"15":{"line":95,"type":"if","locations":[{"start":{"line":95,"column":8},"end":{"line":95,"column":8}},{"start":{"line":95,"column":8},"end":{"line":95,"column":8}}]},"16":{"line":110,"type":"if","locations":[{"start":{"line":110,"column":6},"end":{"line":110,"column":6}},{"start":{"line":110,"column":6},"end":{"line":110,"column":6}}]},"17":{"line":111,"type":"if","locations":[{"start":{"line":111,"column":8},"end":{"line":111,"column":8}},{"start":{"line":111,"column":8},"end":{"line":111,"column":8}}]}}}}