TN:
SF:/home/travis/build/arf/java-codegen-yeoman/generator-java/generators/app/index.js
FN:29,(anonymous_1)
FN:39,(anonymous_2)
FN:54,(anonymous_3)
FN:72,(anonymous_4)
FN:90,(anonymous_5)
FN:99,(anonymous_6)
FN:109,(anonymous_7)
FN:136,(anonymous_8)
FNF:8
FNH:8
FNDA:26,(anonymous_1)
FNDA:10,(anonymous_2)
FNDA:26,(anonymous_3)
FNDA:26,(anonymous_4)
FNDA:52,(anonymous_5)
FNDA:26,(anonymous_6)
FNDA:26,(anonymous_7)
FNDA:26,(anonymous_8)
DA:17,1
DA:18,1
DA:19,1
DA:20,1
DA:21,1
DA:22,1
DA:23,1
DA:24,1
DA:25,1
DA:26,1
DA:29,1
DA:30,26
DA:31,442
DA:32,338
DA:33,241
DA:39,1
DA:40,10
DA:41,10
DA:43,0
DA:44,0
DA:46,0
DA:49,1
DA:50,1
DA:52,1
DA:55,26
DA:58,26
DA:59,26
DA:60,26
DA:61,26
DA:62,26
DA:63,26
DA:64,26
DA:65,26
DA:66,26
DA:67,26
DA:68,26
DA:69,26
DA:73,26
DA:74,26
DA:76,26
DA:77,26
DA:78,26
DA:79,26
DA:80,26
DA:82,26
DA:84,26
DA:85,26
DA:86,26
DA:87,26
DA:92,52
DA:93,22
DA:95,30
DA:100,26
DA:101,26
DA:102,26
DA:103,26
DA:104,26
DA:105,26
DA:110,26
DA:111,26
DA:112,26
DA:114,0
DA:115,0
DA:117,26
DA:118,26
DA:119,26
DA:120,26
DA:121,26
DA:122,26
DA:123,26
DA:124,617
DA:125,617
DA:126,617
DA:127,617
DA:128,617
DA:129,617
DA:131,0
DA:137,26
DA:138,26
DA:139,26
DA:140,26
LF:81
LH:75
BRDA:31,1,0,338
BRDA:31,1,1,104
BRDA:32,2,0,241
BRDA:32,2,1,97
BRDA:40,3,0,10
BRDA:40,3,1,0
BRDA:43,4,0,0
BRDA:43,4,1,0
BRDA:92,5,0,22
BRDA:92,5,1,30
BRDA:100,6,0,11
BRDA:100,6,1,15
BRDA:112,7,0,0
BRDA:112,7,1,26
BRDA:137,8,0,26
BRDA:137,8,1,0
BRF:16
BRH:11
end_of_record
TN:
SF:/home/travis/build/arf/java-codegen-yeoman/generator-java/generators/lib/config.js
FN:27,Config
FN:31,(anonymous_2)
FN:41,(anonymous_3)
FN:57,(anonymous_4)
FN:75,(anonymous_5)
FNF:5
FNH:5
FNDA:27,Config
FNDA:26,(anonymous_2)
FNDA:27,(anonymous_3)
FNDA:26,(anonymous_4)
FNDA:82,(anonymous_5)
DA:19,1
DA:20,1
DA:21,1
DA:23,1
DA:24,1
DA:25,1
DA:27,1
DA:28,27
DA:31,1
DA:32,26
DA:33,26
DA:34,26
DA:35,26
DA:36,26
DA:37,26
DA:38,26
DA:41,1
DA:42,27
DA:43,27
DA:44,27
DA:45,27
DA:46,27
DA:47,27
DA:48,27
DA:49,27
DA:50,27
DA:51,27
DA:52,27
DA:53,27
DA:54,27
DA:57,1
DA:58,26
DA:59,176
DA:60,176
DA:61,49
DA:64,26
DA:65,49
DA:66,49
DA:67,49
DA:68,49
DA:69,49
DA:70,82
DA:75,1
DA:76,82
DA:77,282
DA:78,282
DA:79,227
DA:81,55
DA:86,1
LF:49
LH:49
BRDA:33,1,0,0
BRDA:33,1,1,26
BRDA:33,2,0,26
BRDA:33,2,1,26
BRDA:33,2,2,26
BRDA:35,3,0,0
BRDA:35,3,1,26
BRDA:35,4,0,26
BRDA:35,4,1,26
BRDA:37,5,0,0
BRDA:37,5,1,26
BRDA:37,6,0,26
BRDA:37,6,1,26
BRDA:60,7,0,49
BRDA:60,7,1,127
BRDA:78,8,0,227
BRDA:78,8,1,55
BRF:17
BRH:14
end_of_record
TN:
SF:/home/travis/build/arf/java-codegen-yeoman/generator-java/generators/lib/fsprocessor.js
FN:30,(anonymous_1)
FN:80,Resolver
FN:84,(anonymous_3)
FN:105,(anonymous_4)
FN:139,(anonymous_5)
FNF:5
FNH:4
FNDA:687,(anonymous_1)
FNDA:26,Resolver
FNDA:737,(anonymous_3)
FNDA:26,(anonymous_4)
FNDA:0,(anonymous_5)
DA:21,1
DA:22,1
DA:23,1
DA:24,1
DA:26,1
DA:27,1
DA:30,1
DA:31,687
DA:32,687
DA:33,687
DA:35,0
DA:36,0
DA:37,0
DA:38,0
DA:41,687
DA:42,687
DA:43,1248
DA:44,1248
DA:45,1248
DA:46,511
DA:47,511
DA:49,737
DA:50,737
DA:52,737
DA:53,0
DA:54,0
DA:55,0
DA:56,0
DA:58,737
DA:62,643
DA:63,643
DA:64,643
DA:65,643
DA:66,617
DA:71,737
DA:72,737
DA:80,1
DA:81,26
DA:82,26
DA:83,26
DA:84,26
DA:85,737
DA:86,2580
DA:88,1
DA:90,2580
DA:91,2580
DA:92,7227
DA:93,7227
DA:94,711
DA:99,26
DA:105,1
DA:106,26
DA:107,0
DA:109,26
DA:110,0
DA:112,26
DA:113,0
DA:115,26
DA:116,26
DA:117,26
DA:118,176
DA:119,176
DA:128,26
DA:129,26
DA:130,26
DA:131,26
DA:132,176
DA:135,26
DA:139,1
DA:140,0
DA:141,0
DA:142,0
DA:143,0
DA:145,0
DA:146,0
DA:147,0
DA:148,0
DA:150,0
DA:151,0
DA:152,0
DA:153,0
DA:156,0
DA:160,1
DA:162,1
DA:166,1
LF:85
LH:61
BRDA:33,1,0,0
BRDA:33,1,1,687
BRDA:45,2,0,511
BRDA:45,2,1,737
BRDA:52,3,0,0
BRDA:52,3,1,737
BRDA:58,4,0,94
BRDA:58,4,1,643
BRDA:58,5,0,737
BRDA:58,5,1,692
BRDA:63,6,0,643
BRDA:63,6,1,0
BRDA:65,7,0,617
BRDA:65,7,1,26
BRDA:86,8,0,0
BRDA:86,8,1,2580
BRDA:92,9,0,7227
BRDA:92,9,1,0
BRDA:93,10,0,711
BRDA:93,10,1,6516
BRDA:93,11,0,7227
BRDA:93,11,1,7224
BRDA:106,12,0,0
BRDA:106,12,1,26
BRDA:109,13,0,0
BRDA:109,13,1,26
BRDA:112,14,0,0
BRDA:112,14,1,26
BRDA:141,15,0,0
BRDA:141,15,1,0
BRDA:146,16,0,0
BRDA:146,16,1,0
BRF:32
BRH:20
end_of_record
TN:
SF:/home/travis/build/arf/java-codegen-yeoman/generator-java/generators/lib/control.js
FN:31,Control
FN:43,(anonymous_2)
FN:47,(anonymous_3)
FN:51,(anonymous_4)
FN:56,(anonymous_5)
FN:61,(anonymous_6)
FN:95,(anonymous_7)
FN:123,(anonymous_8)
FN:132,(anonymous_9)
FNF:9
FNH:7
FNDA:202,Control
FNDA:0,(anonymous_2)
FNDA:737,(anonymous_3)
FNDA:692,(anonymous_4)
FNDA:0,(anonymous_5)
FNDA:202,(anonymous_6)
FNDA:643,(anonymous_7)
FNDA:643,(anonymous_8)
FNDA:26,(anonymous_9)
DA:19,1
DA:20,1
DA:21,1
DA:22,1
DA:23,1
DA:24,1
DA:27,1
DA:29,1
DA:31,1
DA:32,202
DA:33,0
DA:35,202
DA:36,0
DA:38,202
DA:39,202
DA:40,202
DA:43,1
DA:44,0
DA:47,1
DA:48,737
DA:51,1
DA:52,692
DA:56,1
DA:57,0
DA:61,1
DA:63,202
DA:64,202
DA:65,202
DA:67,131
DA:71,71
DA:72,71
DA:73,71
DA:74,71
DA:75,71
DA:76,71
DA:77,71
DA:78,71
DA:79,71
DA:80,71
DA:81,381
DA:83,71
DA:87,0
DA:88,0
DA:89,0
DA:91,71
DA:95,1
DA:96,643
DA:97,391
DA:99,252
DA:100,0
DA:102,252
DA:103,252
DA:104,496
DA:106,26
DA:110,226
DA:111,226
DA:112,678
DA:113,678
DA:115,0
DA:120,226
DA:123,1
DA:124,643
DA:125,190
DA:127,453
DA:132,1
DA:133,26
DA:134,26
DA:136,0
DA:140,1
LF:69
LH:59
BRDA:32,1,0,0
BRDA:32,1,1,202
BRDA:35,2,0,0
BRDA:35,2,1,202
BRDA:65,3,0,131
BRDA:65,3,1,71
BRDA:77,4,0,71
BRDA:77,4,1,0
BRDA:79,5,0,71
BRDA:79,5,1,0
BRDA:96,6,0,391
BRDA:96,6,1,252
BRDA:99,7,0,0
BRDA:99,7,1,252
BRDA:99,8,0,252
BRDA:99,8,1,0
BRDA:102,9,0,252
BRDA:102,9,1,0
BRDA:104,10,0,26
BRDA:104,10,1,470
BRDA:110,11,0,226
BRDA:110,11,1,0
BRDA:113,12,0,0
BRDA:113,12,1,678
BRDA:124,13,0,190
BRDA:124,13,1,453
BRDA:124,14,0,643
BRDA:124,14,1,252
BRDA:133,15,0,26
BRDA:133,15,1,0
BRDA:133,16,0,26
BRDA:133,16,1,26
BRF:32
BRH:22
end_of_record
TN:
SF:/home/travis/build/arf/java-codegen-yeoman/generator-java/generators/lib/javarules.js
FN:19,convertToJavaName
FN:44,(anonymous_2)
FN:48,(anonymous_3)
FN:52,(anonymous_4)
FNF:4
FNH:0
FNDA:0,convertToJavaName
FNDA:0,(anonymous_2)
FNDA:0,(anonymous_3)
FNDA:0,(anonymous_4)
DA:19,1
DA:20,0
DA:21,0
DA:22,0
DA:23,0
DA:24,0
DA:25,0
DA:26,0
DA:27,0
DA:29,0
DA:32,0
DA:34,0
DA:35,0
DA:37,0
DA:38,0
DA:41,0
DA:44,1
DA:45,0
DA:48,1
DA:49,0
DA:52,1
DA:53,0
DA:54,0
DA:55,0
DA:58,1
LF:25
LH:5
BRDA:20,1,0,0
BRDA:20,1,1,0
BRDA:25,2,0,0
BRDA:25,2,1,0
BRDA:26,3,0,0
BRDA:26,3,1,0
BRDA:32,4,0,0
BRDA:32,4,1,0
BRDA:53,5,0,0
BRDA:53,5,1,0
BRDA:54,6,0,0
BRDA:54,6,1,0
BRF:12
BRH:0
end_of_record
TN:
SF:/home/travis/build/arf/java-codegen-yeoman/generator-java/generators/lib/log.js
FN:21,(anonymous_1)
FN:33,(anonymous_2)
FN:38,(anonymous_3)
FNF:3
FNH:2
FNDA:1005,(anonymous_1)
FNDA:26,(anonymous_2)
FNDA:0,(anonymous_3)
DA:19,1
DA:21,1
DA:22,1005
DA:23,0
DA:24,0
DA:26,1005
DA:27,695
DA:29,310
DA:33,1
DA:34,26
DA:38,1
DA:39,0
DA:42,1
LF:13
LH:10
BRDA:22,1,0,0
BRDA:22,1,1,1005
BRDA:26,2,0,695
BRDA:26,2,1,310
BRDA:26,3,0,1005
BRDA:26,3,1,310
BRDA:26,3,2,310
BRF:7
BRH:6
end_of_record
TN:
SF:/home/travis/build/arf/java-codegen-yeoman/generator-java/generators/lib/helpers.js
FN:32,(anonymous_1)
FN:38,(anonymous_2)
FN:43,(anonymous_3)
FN:71,(anonymous_4)
FN:76,(anonymous_5)
FN:80,(anonymous_6)
FNF:6
FNH:4
FNDA:0,(anonymous_1)
FNDA:156,(anonymous_2)
FNDA:1401,(anonymous_3)
FNDA:26,(anonymous_4)
FNDA:0,(anonymous_5)
FNDA:26,(anonymous_6)
DA:19,1
DA:20,1
DA:23,1
DA:26,1
DA:29,1
DA:32,1
DA:33,0
DA:34,0
DA:38,1
DA:39,156
DA:43,1
DA:45,1401
DA:46,679
DA:47,679
DA:51,679
DA:52,679
DA:54,679
DA:55,679
DA:58,679
DA:61,679
DA:67,722
DA:71,1
DA:72,26
DA:76,1
DA:77,0
DA:80,1
DA:81,26
DA:82,43
DA:83,26
DA:86,0
DA:89,1
LF:31
LH:27
BRDA:45,1,0,679
BRDA:45,1,1,722
BRDA:47,2,0,679
BRDA:47,2,1,0
BRDA:54,3,0,679
BRDA:54,3,1,0
BRDA:82,4,0,26
BRDA:82,4,1,17
BRDA:82,5,0,43
BRDA:82,5,1,26
BRF:10
BRH:8
end_of_record
TN:
SF:/home/travis/build/arf/java-codegen-yeoman/generator-java/generators/lib/promptmgr.js
FN:19,PromptManager
FN:31,(anonymous_2)
FN:53,(anonymous_3)
FN:63,(anonymous_4)
FN:75,(anonymous_5)
FNF:5
FNH:4
FNDA:26,PromptManager
FNDA:104,(anonymous_2)
FNDA:15,(anonymous_3)
FNDA:0,(anonymous_4)
FNDA:26,(anonymous_5)
DA:19,1
DA:20,26
DA:21,26
DA:22,26
DA:28,26
DA:31,1
DA:32,104
DA:33,104
DA:34,104
DA:36,104
DA:37,104
DA:38,52
DA:42,104
DA:43,104
DA:44,156
DA:45,52
DA:46,156
DA:48,52
DA:53,1
DA:54,15
DA:55,15
DA:56,15
DA:57,60
DA:59,15
DA:63,1
DA:64,0
DA:65,0
DA:66,0
DA:67,0
DA:68,0
DA:69,0
DA:75,1
DA:76,26
DA:77,104
DA:81,1
LF:35
LH:29
BRDA:37,1,0,52
BRDA:37,1,1,52
BRDA:44,2,0,52
BRDA:44,2,1,104
BRDA:66,3,0,0
BRDA:66,3,1,0
BRDA:67,4,0,0
BRDA:67,4,1,0
BRF:8
BRH:4
end_of_record
TN:
SF:/home/travis/build/arf/java-codegen-yeoman/generator-java/generators/prompts/common.js
FN:23,Extension
FN:27,(anonymous_2)
FN:31,(anonymous_3)
FN:35,(anonymous_4)
FN:50,(anonymous_5)
FNF:5
FNH:4
FNDA:26,Extension
FNDA:26,(anonymous_2)
FNDA:0,(anonymous_3)
FNDA:41,(anonymous_4)
FNDA:26,(anonymous_5)
DA:19,1
DA:21,1
DA:23,1
DA:24,26
DA:27,1
DA:28,26
DA:31,1
DA:32,0
DA:35,1
DA:36,41
DA:50,1
DA:52,26
DA:53,15
DA:54,15
DA:56,26
DA:57,26
DA:58,26
DA:60,26
DA:63,1
LF:19
LH:18
BRDA:52,1,0,15
BRDA:52,1,1,11
BRDA:56,2,0,26
BRDA:56,2,1,11
BRDA:57,3,0,26
BRDA:57,3,1,0
BRDA:60,4,0,26
BRDA:60,4,1,11
BRF:8
BRH:7
end_of_record
TN:
SF:/home/travis/build/arf/java-codegen-yeoman/generator-java/generators/prompts/liberty.js
FN:23,Extension
FN:27,(anonymous_2)
FN:35,(anonymous_3)
FN:39,(anonymous_4)
FN:70,(anonymous_5)
FNF:5
FNH:5
FNDA:26,Extension
FNDA:26,(anonymous_2)
FNDA:45,(anonymous_3)
FNDA:41,(anonymous_4)
FNDA:26,(anonymous_5)
DA:19,1
DA:21,1
DA:23,1
DA:24,26
DA:27,1
DA:28,26
DA:35,1
DA:36,45
DA:39,1
DA:40,41
DA:70,1
DA:74,1
LF:12
LH:12
BRDA:36,1,0,45
BRDA:36,1,1,45
BRF:2
BRH:2
end_of_record
TN:
SF:/home/travis/build/arf/java-codegen-yeoman/generator-java/generators/prompts/patterns.js
FN:23,Extension
FN:28,(anonymous_2)
FN:36,(anonymous_3)
FN:51,(anonymous_4)
FN:78,(anonymous_5)
FNF:5
FNH:5
FNDA:26,Extension
FNDA:26,(anonymous_2)
FNDA:15,(anonymous_3)
FNDA:41,(anonymous_4)
FNDA:26,(anonymous_5)
DA:19,1
DA:21,1
DA:23,1
DA:24,26
DA:25,26
DA:28,1
DA:29,26
DA:36,1
DA:37,15
DA:38,15
DA:39,15
DA:40,0
DA:42,15
DA:45,0
DA:47,15
DA:48,15
DA:51,1
DA:52,41
DA:78,1
DA:80,26
DA:81,11
DA:83,15
DA:84,15
DA:86,15
DA:87,15
DA:88,15
DA:92,1
LF:27
LH:25
BRDA:38,1,0,15
BRDA:38,1,1,0
BRDA:39,2,0,0
BRDA:39,2,1,15
BRDA:80,3,0,11
BRDA:80,3,1,15
BRDA:83,4,0,15
BRDA:83,4,1,0
BRDA:86,5,0,15
BRDA:86,5,1,0
BRDA:87,6,0,15
BRDA:87,6,1,0
BRDA:88,7,0,15
BRDA:88,7,1,15
BRDA:88,7,2,0
BRF:15
BRH:9
end_of_record
TN:
SF:/home/travis/build/arf/java-codegen-yeoman/generator-java/generators/prompts/bluemix.js
FN:23,Extension
FN:28,(anonymous_2)
FN:32,(anonymous_3)
FN:47,(anonymous_4)
FN:64,(anonymous_5)
FNF:5
FNH:5
FNDA:26,Extension
FNDA:26,(anonymous_2)
FNDA:30,(anonymous_3)
FNDA:41,(anonymous_4)
FNDA:26,(anonymous_5)
DA:19,1
DA:21,1
DA:23,1
DA:24,26
DA:25,26
DA:28,1
DA:29,26
DA:32,1
DA:33,30
DA:34,30
DA:35,30
DA:36,0
DA:38,30
DA:41,0
DA:43,30
DA:44,30
DA:47,1
DA:48,41
DA:64,1
DA:65,26
DA:66,6
DA:69,20
DA:70,0
DA:72,20
DA:73,20
DA:74,20
DA:77,20
DA:78,12
DA:79,0
DA:81,12
DA:82,12
DA:87,12
DA:88,12
DA:89,15
DA:90,15
DA:91,3
DA:92,3
DA:94,12
DA:95,6
DA:96,6
DA:110,12
DA:111,6
DA:112,6
DA:132,1
LF:44
LH:40
BRDA:34,1,0,30
BRDA:34,1,1,0
BRDA:35,2,0,0
BRDA:35,2,1,30
BRDA:36,3,0,0
BRDA:36,3,1,0
BRDA:38,4,0,30
BRDA:38,4,1,0
BRDA:65,5,0,6
BRDA:65,5,1,20
BRDA:65,6,0,26
BRDA:65,6,1,6
BRDA:69,7,0,0
BRDA:69,7,1,20
BRDA:72,8,0,20
BRDA:72,8,1,5
BRDA:73,9,0,20
BRDA:73,9,1,0
BRDA:74,10,0,20
BRDA:74,10,1,15
BRDA:74,10,2,0
BRDA:77,11,0,12
BRDA:77,11,1,8
BRDA:78,12,0,0
BRDA:78,12,1,12
BRDA:90,13,0,3
BRDA:90,13,1,12
BRDA:94,14,0,6
BRDA:94,14,1,6
BRDA:95,15,0,6
BRDA:95,15,1,0
BRDA:110,16,0,6
BRDA:110,16,1,6
BRDA:111,17,0,6
BRDA:111,17,1,0
BRF:35
BRH:24
end_of_record
