{"/home/travis/build/arf/java-codegen-yeoman/generator-java/generators/lib/defaults.js":{"path":"/home/travis/build/arf/java-codegen-yeoman/generator-java/generators/lib/defaults.js","s":{"1":1,"2":1,"3":1,"4":3,"5":1,"6":3,"7":3,"8":1,"9":2,"10":1,"11":1,"12":1,"13":1},"b":{"1":[1,2],"2":[1,1]},"f":{"1":3,"2":1},"fnMap":{"1":{"name":"(anonymous_1)","line":36,"loc":{"start":{"line":36,"column":22},"end":{"line":36,"column":38}}},"2":{"name":"(anonymous_2)","line":48,"loc":{"start":{"line":48,"column":13},"end":{"line":48,"column":16}}}},"statementMap":{"1":{"start":{"line":19,"column":0},"end":{"line":19,"column":58}},"2":{"start":{"line":20,"column":0},"end":{"line":20,"column":60}},"3":{"start":{"line":22,"column":0},"end":{"line":34,"column":2}},"4":{"start":{"line":32,"column":56},"end":{"line":32,"column":86}},"5":{"start":{"line":36,"column":0},"end":{"line":45,"column":1}},"6":{"start":{"line":37,"column":2},"end":{"line":37,"column":51}},"7":{"start":{"line":38,"column":2},"end":{"line":40,"column":3}},"8":{"start":{"line":39,"column":4},"end":{"line":39,"column":29}},"9":{"start":{"line":41,"column":2},"end":{"line":43,"column":3}},"10":{"start":{"line":42,"column":4},"end":{"line":42,"column":17}},"11":{"start":{"line":44,"column":2},"end":{"line":44,"column":97}},"12":{"start":{"line":47,"column":0},"end":{"line":51,"column":1}},"13":{"start":{"line":49,"column":4},"end":{"line":49,"column":19}}},"branchMap":{"1":{"line":38,"type":"if","locations":[{"start":{"line":38,"column":2},"end":{"line":38,"column":2}},{"start":{"line":38,"column":2},"end":{"line":38,"column":2}}]},"2":{"line":41,"type":"if","locations":[{"start":{"line":41,"column":2},"end":{"line":41,"column":2}},{"start":{"line":41,"column":2},"end":{"line":41,"column":2}}]}}}}