{"/home/travis/build/arf/java-codegen-yeoman/generator-java/generators/lib/defaults.js":{"path":"/home/travis/build/arf/java-codegen-yeoman/generator-java/generators/lib/defaults.js","s":{"1":1,"2":1,"3":1,"4":3,"5":4,"6":1,"7":3,"8":3,"9":1,"10":2,"11":1,"12":1,"13":1,"14":4,"15":2,"16":2,"17":1,"18":1,"19":1,"20":1},"b":{"1":[1,2],"2":[1,1],"3":[2,2],"4":[1,1]},"f":{"1":3,"2":4,"3":1},"fnMap":{"1":{"name":"(anonymous_1)","line":39,"loc":{"start":{"line":39,"column":22},"end":{"line":39,"column":38}}},"2":{"name":"(anonymous_2)","line":50,"loc":{"start":{"line":50,"column":23},"end":{"line":50,"column":39}}},"3":{"name":"(anonymous_3)","line":61,"loc":{"start":{"line":61,"column":13},"end":{"line":61,"column":16}}}},"statementMap":{"1":{"start":{"line":19,"column":0},"end":{"line":19,"column":58}},"2":{"start":{"line":20,"column":0},"end":{"line":20,"column":60}},"3":{"start":{"line":22,"column":0},"end":{"line":37,"column":2}},"4":{"start":{"line":33,"column":56},"end":{"line":33,"column":86}},"5":{"start":{"line":35,"column":84},"end":{"line":35,"column":115}},"6":{"start":{"line":39,"column":0},"end":{"line":48,"column":1}},"7":{"start":{"line":40,"column":2},"end":{"line":40,"column":51}},"8":{"start":{"line":41,"column":2},"end":{"line":43,"column":3}},"9":{"start":{"line":42,"column":4},"end":{"line":42,"column":29}},"10":{"start":{"line":44,"column":2},"end":{"line":46,"column":3}},"11":{"start":{"line":45,"column":4},"end":{"line":45,"column":17}},"12":{"start":{"line":47,"column":2},"end":{"line":47,"column":97}},"13":{"start":{"line":50,"column":0},"end":{"line":58,"column":1}},"14":{"start":{"line":51,"column":2},"end":{"line":53,"column":3}},"15":{"start":{"line":52,"column":4},"end":{"line":52,"column":17}},"16":{"start":{"line":54,"column":2},"end":{"line":56,"column":3}},"17":{"start":{"line":55,"column":4},"end":{"line":55,"column":14}},"18":{"start":{"line":57,"column":2},"end":{"line":57,"column":26}},"19":{"start":{"line":60,"column":0},"end":{"line":64,"column":1}},"20":{"start":{"line":62,"column":4},"end":{"line":62,"column":19}}},"branchMap":{"1":{"line":41,"type":"if","locations":[{"start":{"line":41,"column":2},"end":{"line":41,"column":2}},{"start":{"line":41,"column":2},"end":{"line":41,"column":2}}]},"2":{"line":44,"type":"if","locations":[{"start":{"line":44,"column":2},"end":{"line":44,"column":2}},{"start":{"line":44,"column":2},"end":{"line":44,"column":2}}]},"3":{"line":51,"type":"if","locations":[{"start":{"line":51,"column":2},"end":{"line":51,"column":2}},{"start":{"line":51,"column":2},"end":{"line":51,"column":2}}]},"4":{"line":54,"type":"if","locations":[{"start":{"line":54,"column":2},"end":{"line":54,"column":2}},{"start":{"line":54,"column":2},"end":{"line":54,"column":2}}]}}}}