TN:
SF:/home/travis/build/arf/java-codegen-yeoman/generator-java/generators/lib/defaults.js
FN:39,(anonymous_1)
FN:50,(anonymous_2)
FN:61,(anonymous_3)
FNF:3
FNH:3
FNDA:3,(anonymous_1)
FNDA:4,(anonymous_2)
FNDA:1,(anonymous_3)
DA:19,1
DA:20,1
DA:22,1
DA:33,3
DA:35,4
DA:39,1
DA:40,3
DA:41,3
DA:42,1
DA:44,2
DA:45,1
DA:47,1
DA:50,1
DA:51,4
DA:52,2
DA:54,2
DA:55,1
DA:57,1
DA:60,1
DA:62,1
LF:20
LH:20
BRDA:41,1,0,1
BRDA:41,1,1,2
BRDA:44,2,0,1
BRDA:44,2,1,1
BRDA:51,3,0,2
BRDA:51,3,1,2
BRDA:54,4,0,1
BRDA:54,4,1,1
BRF:8
BRH:8
end_of_record
