TN:
SF:/home/travis/build/arf/java-codegen-yeoman/generator-java/generators/lib/defaults.js
FN:38,(anonymous_1)
FN:49,(anonymous_2)
FN:60,(anonymous_3)
FNF:3
FNH:3
FNDA:3,(anonymous_1)
FNDA:4,(anonymous_2)
FNDA:1,(anonymous_3)
DA:19,1
DA:20,1
DA:22,1
DA:33,3
DA:35,4
DA:38,1
DA:39,3
DA:40,3
DA:41,1
DA:43,2
DA:44,1
DA:46,1
DA:49,1
DA:50,4
DA:51,2
DA:53,2
DA:54,1
DA:56,1
DA:59,1
DA:61,1
LF:20
LH:20
BRDA:40,1,0,1
BRDA:40,1,1,2
BRDA:43,2,0,1
BRDA:43,2,1,1
BRDA:50,3,0,2
BRDA:50,3,1,2
BRDA:53,4,0,1
BRDA:53,4,1,1
BRF:8
BRH:8
end_of_record
